<?xml version="1.0" encoding="UTF-8"?>
<testsuite xmlns:xsi="http://www.w3.org/2001/XMLSchema-instance" xsi:noNamespaceSchemaLocation="https://maven.apache.org/surefire/maven-surefire-plugin/xsd/surefire-test-report-3.0.xsd" version="3.0" name="Runner.RunCucumberTest" time="90.401" tests="130" errors="0" skipped="0" failures="0">
  <properties>
[...]
</properties>
  <testcase name="Dado Que eu acessei a aplicacao" classname="| standard_user | secret_sauce | 1 |" time="0.001">
    <system-err><![CDATA[Starting ChromeDriver 120.0.6099.71 (9729082fe6174c0a371fc66501f5efc5d69d3d2b-refs/branch-heads/6099_56@{#13}) on port 43484
Only local connections are allowed.
Please see https://chromedriver.chromium.org/security-considerations for suggestions on keeping ChromeDriver safe.
ChromeDriver was started successfully.
dez 16, 2023 4:33:21 PM org.openqa.selenium.remote.ProtocolHandshake createSession
INFORMAÇÕES: Detected dialect: W3C
]]></system-err>
  </testcase>
  <testcase name="Dado Que o usuario efetuou login incluindo &quot;standard_user&quot; e &quot;secret_sauce&quot;" classname="| standard_user | secret_sauce | 1 |" time="0">
    <system-out><![CDATA[######################################
Preencheu o campo By.id: user-name
######################################
######################################
Preencheu o campo By.id: password
######################################
######################################
Clicou no elemento By.id: login-button
######################################
]]></system-out>
  </testcase>
  <testcase name="Quando um item &quot;1&quot;e adicionado ao carrinho" classname="| standard_user | secret_sauce | 1 |" time="0">
    <system-out><![CDATA[######################################
Clicou no elemento By.xpath: //div[@class="inventory_item"][1]//button
######################################
######################################
Validou a mensagem Remove
######################################
]]></system-out>
  </testcase>
  <testcase name="E o carrinho e acessado" classname="| standard_user | secret_sauce | 1 |" time="0">
    <system-out><![CDATA[######################################
Clicou no elemento By.id: shopping_cart_container
######################################
]]></system-out>
  </testcase>
  <testcase name="Entao o produto e adicionado ao carrinho" classname="| standard_user | secret_sauce | 1 |" time="0">
    <system-out><![CDATA[######################################
Validou a mensagem $29.99
######################################
######################################
Validou a mensagem Sauce Labs Backpack
######################################
]]></system-out>
  </testcase>
  <testcase name="E e feito logout" classname="| standard_user | secret_sauce | 1 |" time="0">
    <system-out><![CDATA[######################################
Clicou no elemento By.id: react-burger-menu-btn
######################################
######################################
Clicou no elemento By.id: logout_sidebar_link
######################################
]]></system-out>
  </testcase>
  <testcase name="" classname="| standard_user | secret_sauce | 1 |" time="0.379">
    <system-out><![CDATA[+++++++++++++
Teste sendo exectado: Validar valor do item adicionado ao carrinho
Status: passed
Tag: [@Carrinho]
+++++++++++++
Teste sendo exectado: Validar valor do item adicionado ao carrinho
Status: passed
Tag: [@Carrinho]
+++++++++++++
Teste sendo exectado: Validar valor do item adicionado ao carrinho
Status: passed
Tag: [@Carrinho]
]]></system-out>
  </testcase>
  <testcase name="Dado Que eu acessei a aplicacao" classname="| standard_user | secret_sauce | 2 |" time="0">
    <system-err><![CDATA[Starting ChromeDriver 120.0.6099.71 (9729082fe6174c0a371fc66501f5efc5d69d3d2b-refs/branch-heads/6099_56@{#13}) on port 30602
Only local connections are allowed.
Please see https://chromedriver.chromium.org/security-considerations for suggestions on keeping ChromeDriver safe.
ChromeDriver was started successfully.
dez 16, 2023 4:33:26 PM org.openqa.selenium.remote.ProtocolHandshake createSession
INFORMAÇÕES: Detected dialect: W3C
]]></system-err>
  </testcase>
  <testcase name="Dado Que o usuario efetuou login incluindo &quot;standard_user&quot; e &quot;secret_sauce&quot;" classname="| standard_user | secret_sauce | 2 |" time="0">
    <system-out><![CDATA[######################################
Preencheu o campo By.id: user-name
######################################
######################################
Preencheu o campo By.id: password
######################################
######################################
Clicou no elemento By.id: login-button
######################################
]]></system-out>
  </testcase>
  <testcase name="Quando um item &quot;2&quot;e adicionado ao carrinho" classname="| standard_user | secret_sauce | 2 |" time="0">
    <system-out><![CDATA[######################################
Clicou no elemento By.xpath: //div[@class="inventory_item"][2]//button
######################################
######################################
Validou a mensagem Remove
######################################
]]></system-out>
  </testcase>
  <testcase name="E o carrinho e acessado" classname="| standard_user | secret_sauce | 2 |" time="0">
    <system-out><![CDATA[######################################
Clicou no elemento By.id: shopping_cart_container
######################################
]]></system-out>
  </testcase>
  <testcase name="Entao o produto e adicionado ao carrinho" classname="| standard_user | secret_sauce | 2 |" time="0">
    <system-out><![CDATA[######################################
Validou a mensagem $9.99
######################################
######################################
Validou a mensagem Sauce Labs Bike Light
######################################
]]></system-out>
  </testcase>
  <testcase name="E e feito logout" classname="| standard_user | secret_sauce | 2 |" time="0">
    <system-out><![CDATA[######################################
Clicou no elemento By.id: react-burger-menu-btn
######################################
######################################
Clicou no elemento By.id: logout_sidebar_link
######################################
]]></system-out>
  </testcase>
  <testcase name="" classname="| standard_user | secret_sauce | 2 |" time="0.441">
    <system-out><![CDATA[+++++++++++++
Teste sendo exectado: Validar valor do item adicionado ao carrinho
Status: passed
Tag: [@Carrinho]
+++++++++++++
Teste sendo exectado: Validar valor do item adicionado ao carrinho
Status: passed
Tag: [@Carrinho]
+++++++++++++
Teste sendo exectado: Validar valor do item adicionado ao carrinho
Status: passed
Tag: [@Carrinho]
]]></system-out>
  </testcase>
  <testcase name="Dado Que eu acessei a aplicacao" classname="| standard_user | secret_sauce | 1 | Felipe | Matos | 54400220 |" time="0">
    <system-err><![CDATA[Starting ChromeDriver 120.0.6099.71 (9729082fe6174c0a371fc66501f5efc5d69d3d2b-refs/branch-heads/6099_56@{#13}) on port 36877
Only local connections are allowed.
Please see https://chromedriver.chromium.org/security-considerations for suggestions on keeping ChromeDriver safe.
ChromeDriver was started successfully.
dez 16, 2023 4:33:30 PM org.openqa.selenium.remote.ProtocolHandshake createSession
INFORMAÇÕES: Detected dialect: W3C
]]></system-err>
  </testcase>
  <testcase name="Dado Que o usuario efetuou login incluindo &quot;standard_user&quot; e &quot;secret_sauce&quot;" classname="| standard_user | secret_sauce | 1 | Felipe | Matos | 54400220 |" time="0">
    <system-out><![CDATA[######################################
Preencheu o campo By.id: user-name
######################################
######################################
Preencheu o campo By.id: password
######################################
######################################
Clicou no elemento By.id: login-button
######################################
]]></system-out>
  </testcase>
  <testcase name="E selecionou um produto &quot;1&quot;" classname="| standard_user | secret_sauce | 1 | Felipe | Matos | 54400220 |" time="0">
    <system-out><![CDATA[######################################
Clicou no elemento By.xpath: //div[@class="inventory_item"][1]//button
######################################
######################################
Validou a mensagem Remove
######################################
######################################
Clicou no elemento By.id: shopping_cart_container
######################################
######################################
Validou a mensagem Sauce Labs Backpack
######################################
######################################
Validou a mensagem $29.99
######################################
######################################
Clicou no elemento By.id: checkout
######################################
]]></system-out>
  </testcase>
  <testcase name="Quando feito o checkout e preenchido &quot;Felipe&quot; &quot;Matos&quot; &quot;54400220&quot;" classname="| standard_user | secret_sauce | 1 | Felipe | Matos | 54400220 |" time="0">
    <system-out><![CDATA[######################################
Preencheu o campo By.id: first-name
######################################
######################################
Preencheu o campo By.id: last-name
######################################
######################################
Preencheu o campo By.id: postal-code
######################################
######################################
Clicou no elemento By.id: continue
######################################
]]></system-out>
  </testcase>
  <testcase name="E as informacoes de checkou sao exibidas" classname="| standard_user | secret_sauce | 1 | Felipe | Matos | 54400220 |" time="0">
    <system-out><![CDATA[######################################
Validou a mensagem Sauce Labs Backpack
######################################
]]></system-out>
  </testcase>
  <testcase name="E clicado em Finish" classname="| standard_user | secret_sauce | 1 | Felipe | Matos | 54400220 |" time="0">
    <system-out><![CDATA[######################################
Clicou no elemento By.id: finish
######################################
]]></system-out>
  </testcase>
  <testcase name="Entao a compra e efetuada" classname="| standard_user | secret_sauce | 1 | Felipe | Matos | 54400220 |" time="0">
    <system-out><![CDATA[######################################
Validou a mensagem Checkout: Complete!
######################################
######################################
Validou a mensagem Thank you for your order!
######################################
######################################
Validou a mensagem Your order has been dispatched, and will arrive just as fast as the pony can get there!
######################################
]]></system-out>
  </testcase>
  <testcase name="E e feito logout" classname="| standard_user | secret_sauce | 1 | Felipe | Matos | 54400220 |" time="0">
    <system-out><![CDATA[######################################
Clicou no elemento By.id: react-burger-menu-btn
######################################
######################################
Clicou no elemento By.id: logout_sidebar_link
######################################
]]></system-out>
  </testcase>
  <testcase name="" classname="| standard_user | secret_sauce | 1 | Felipe | Matos | 54400220 |" time="0.408">
    <system-out><![CDATA[+++++++++++++
Teste sendo exectado: Efetuar compra e validar valor total
Status: passed
Tag: [@Compra]
+++++++++++++
Teste sendo exectado: Efetuar compra e validar valor total
Status: passed
Tag: [@Compra]
+++++++++++++
Teste sendo exectado: Efetuar compra e validar valor total
Status: passed
Tag: [@Compra]
]]></system-out>
  </testcase>
  <testcase name="Dado Que eu acessei a aplicacao" classname="| standard_user | secret_sauce | 2 | Filomena | Eduarda | 44455221 |" time="0">
    <system-err><![CDATA[Starting ChromeDriver 120.0.6099.71 (9729082fe6174c0a371fc66501f5efc5d69d3d2b-refs/branch-heads/6099_56@{#13}) on port 10163
Only local connections are allowed.
Please see https://chromedriver.chromium.org/security-considerations for suggestions on keeping ChromeDriver safe.
ChromeDriver was started successfully.
dez 16, 2023 4:33:36 PM org.openqa.selenium.remote.ProtocolHandshake createSession
INFORMAÇÕES: Detected dialect: W3C
]]></system-err>
  </testcase>
  <testcase name="Dado Que o usuario efetuou login incluindo &quot;standard_user&quot; e &quot;secret_sauce&quot;" classname="| standard_user | secret_sauce | 2 | Filomena | Eduarda | 44455221 |" time="0">
    <system-out><![CDATA[######################################
Preencheu o campo By.id: user-name
######################################
######################################
Preencheu o campo By.id: password
######################################
######################################
Clicou no elemento By.id: login-button
######################################
]]></system-out>
  </testcase>
  <testcase name="E selecionou um produto &quot;2&quot;" classname="| standard_user | secret_sauce | 2 | Filomena | Eduarda | 44455221 |" time="0">
    <system-out><![CDATA[######################################
Clicou no elemento By.xpath: //div[@class="inventory_item"][2]//button
######################################
######################################
Validou a mensagem Remove
######################################
######################################
Clicou no elemento By.id: shopping_cart_container
######################################
######################################
Validou a mensagem Sauce Labs Bike Light
######################################
######################################
Validou a mensagem $9.99
######################################
######################################
Clicou no elemento By.id: checkout
######################################
]]></system-out>
  </testcase>
  <testcase name="Quando feito o checkout e preenchido &quot;Filomena&quot; &quot;Eduarda&quot; &quot;44455221&quot;" classname="| standard_user | secret_sauce | 2 | Filomena | Eduarda | 44455221 |" time="0">
    <system-out><![CDATA[######################################
Preencheu o campo By.id: first-name
######################################
######################################
Preencheu o campo By.id: last-name
######################################
######################################
Preencheu o campo By.id: postal-code
######################################
######################################
Clicou no elemento By.id: continue
######################################
]]></system-out>
  </testcase>
  <testcase name="E as informacoes de checkou sao exibidas" classname="| standard_user | secret_sauce | 2 | Filomena | Eduarda | 44455221 |" time="0">
    <system-out><![CDATA[######################################
Validou a mensagem Sauce Labs Bike Light
######################################
]]></system-out>
  </testcase>
  <testcase name="E clicado em Finish" classname="| standard_user | secret_sauce | 2 | Filomena | Eduarda | 44455221 |" time="0">
    <system-out><![CDATA[######################################
Clicou no elemento By.id: finish
######################################
]]></system-out>
  </testcase>
  <testcase name="Entao a compra e efetuada" classname="| standard_user | secret_sauce | 2 | Filomena | Eduarda | 44455221 |" time="0">
    <system-out><![CDATA[######################################
Validou a mensagem Checkout: Complete!
######################################
######################################
Validou a mensagem Thank you for your order!
######################################
######################################
Validou a mensagem Your order has been dispatched, and will arrive just as fast as the pony can get there!
######################################
]]></system-out>
  </testcase>
  <testcase name="E e feito logout" classname="| standard_user | secret_sauce | 2 | Filomena | Eduarda | 44455221 |" time="0">
    <system-out><![CDATA[######################################
Clicou no elemento By.id: react-burger-menu-btn
######################################
######################################
Clicou no elemento By.id: logout_sidebar_link
######################################
]]></system-out>
  </testcase>
  <testcase name="" classname="| standard_user | secret_sauce | 2 | Filomena | Eduarda | 44455221 |" time="0.415">
    <system-out><![CDATA[+++++++++++++
Teste sendo exectado: Efetuar compra e validar valor total
Status: passed
Tag: [@Compra]
+++++++++++++
Teste sendo exectado: Efetuar compra e validar valor total
Status: passed
Tag: [@Compra]
+++++++++++++
Teste sendo exectado: Efetuar compra e validar valor total
Status: passed
Tag: [@Compra]
]]></system-out>
  </testcase>
  <testcase name="Dado Que eu acessei a aplicacao" classname="| standard_user | secret_sauce | 3 | Filomena | Juquinha | 44455222 |" time="0">
    <system-err><![CDATA[Starting ChromeDriver 120.0.6099.71 (9729082fe6174c0a371fc66501f5efc5d69d3d2b-refs/branch-heads/6099_56@{#13}) on port 33938
Only local connections are allowed.
Please see https://chromedriver.chromium.org/security-considerations for suggestions on keeping ChromeDriver safe.
ChromeDriver was started successfully.
dez 16, 2023 4:33:41 PM org.openqa.selenium.remote.ProtocolHandshake createSession
INFORMAÇÕES: Detected dialect: W3C
]]></system-err>
  </testcase>
  <testcase name="Dado Que o usuario efetuou login incluindo &quot;standard_user&quot; e &quot;secret_sauce&quot;" classname="| standard_user | secret_sauce | 3 | Filomena | Juquinha | 44455222 |" time="0">
    <system-out><![CDATA[######################################
Preencheu o campo By.id: user-name
######################################
######################################
Preencheu o campo By.id: password
######################################
######################################
Clicou no elemento By.id: login-button
######################################
]]></system-out>
  </testcase>
  <testcase name="E selecionou um produto &quot;3&quot;" classname="| standard_user | secret_sauce | 3 | Filomena | Juquinha | 44455222 |" time="0">
    <system-out><![CDATA[######################################
Clicou no elemento By.xpath: //div[@class="inventory_item"][3]//button
######################################
######################################
Validou a mensagem Remove
######################################
######################################
Clicou no elemento By.id: shopping_cart_container
######################################
######################################
Validou a mensagem Sauce Labs Bolt T-Shirt
######################################
######################################
Validou a mensagem $15.99
######################################
######################################
Clicou no elemento By.id: checkout
######################################
]]></system-out>
  </testcase>
  <testcase name="Quando feito o checkout e preenchido &quot;Filomena&quot; &quot;Juquinha&quot; &quot;44455222&quot;" classname="| standard_user | secret_sauce | 3 | Filomena | Juquinha | 44455222 |" time="0">
    <system-out><![CDATA[######################################
Preencheu o campo By.id: first-name
######################################
######################################
Preencheu o campo By.id: last-name
######################################
######################################
Preencheu o campo By.id: postal-code
######################################
######################################
Clicou no elemento By.id: continue
######################################
]]></system-out>
  </testcase>
  <testcase name="E as informacoes de checkou sao exibidas" classname="| standard_user | secret_sauce | 3 | Filomena | Juquinha | 44455222 |" time="0">
    <system-out><![CDATA[######################################
Validou a mensagem Sauce Labs Bolt T-Shirt
######################################
]]></system-out>
  </testcase>
  <testcase name="E clicado em Finish" classname="| standard_user | secret_sauce | 3 | Filomena | Juquinha | 44455222 |" time="0">
    <system-out><![CDATA[######################################
Clicou no elemento By.id: finish
######################################
]]></system-out>
  </testcase>
  <testcase name="Entao a compra e efetuada" classname="| standard_user | secret_sauce | 3 | Filomena | Juquinha | 44455222 |" time="0">
    <system-out><![CDATA[######################################
Validou a mensagem Checkout: Complete!
######################################
######################################
Validou a mensagem Thank you for your order!
######################################
######################################
Validou a mensagem Your order has been dispatched, and will arrive just as fast as the pony can get there!
######################################
]]></system-out>
  </testcase>
  <testcase name="E e feito logout" classname="| standard_user | secret_sauce | 3 | Filomena | Juquinha | 44455222 |" time="0">
    <system-out><![CDATA[######################################
Clicou no elemento By.id: react-burger-menu-btn
######################################
######################################
Clicou no elemento By.id: logout_sidebar_link
######################################
]]></system-out>
  </testcase>
  <testcase name="" classname="| standard_user | secret_sauce | 3 | Filomena | Juquinha | 44455222 |" time="0.394">
    <system-out><![CDATA[+++++++++++++
Teste sendo exectado: Efetuar compra e validar valor total
Status: passed
Tag: [@Compra]
+++++++++++++
Teste sendo exectado: Efetuar compra e validar valor total
Status: passed
Tag: [@Compra]
+++++++++++++
Teste sendo exectado: Efetuar compra e validar valor total
Status: passed
Tag: [@Compra]
]]></system-out>
  </testcase>
  <testcase name="Dado Que eu acessei a aplicacao" classname="| standard_user | secret_sauce | 4 | Felipe | Matos | 54400220 |" time="0">
    <system-err><![CDATA[Starting ChromeDriver 120.0.6099.71 (9729082fe6174c0a371fc66501f5efc5d69d3d2b-refs/branch-heads/6099_56@{#13}) on port 8101
Only local connections are allowed.
Please see https://chromedriver.chromium.org/security-considerations for suggestions on keeping ChromeDriver safe.
ChromeDriver was started successfully.
dez 16, 2023 4:33:46 PM org.openqa.selenium.remote.ProtocolHandshake createSession
INFORMAÇÕES: Detected dialect: W3C
]]></system-err>
  </testcase>
  <testcase name="Dado Que o usuario efetuou login incluindo &quot;standard_user&quot; e &quot;secret_sauce&quot;" classname="| standard_user | secret_sauce | 4 | Felipe | Matos | 54400220 |" time="0">
    <system-out><![CDATA[######################################
Preencheu o campo By.id: user-name
######################################
######################################
Preencheu o campo By.id: password
######################################
######################################
Clicou no elemento By.id: login-button
######################################
]]></system-out>
  </testcase>
  <testcase name="E selecionou um produto &quot;4&quot;" classname="| standard_user | secret_sauce | 4 | Felipe | Matos | 54400220 |" time="0">
    <system-out><![CDATA[######################################
Clicou no elemento By.xpath: //div[@class="inventory_item"][4]//button
######################################
######################################
Validou a mensagem Remove
######################################
######################################
Clicou no elemento By.id: shopping_cart_container
######################################
######################################
Validou a mensagem Sauce Labs Fleece Jacket
######################################
######################################
Validou a mensagem $49.99
######################################
######################################
Clicou no elemento By.id: checkout
######################################
]]></system-out>
  </testcase>
  <testcase name="Quando feito o checkout e preenchido &quot;Felipe&quot; &quot;Matos&quot; &quot;54400220&quot;" classname="| standard_user | secret_sauce | 4 | Felipe | Matos | 54400220 |" time="0">
    <system-out><![CDATA[######################################
Preencheu o campo By.id: first-name
######################################
######################################
Preencheu o campo By.id: last-name
######################################
######################################
Preencheu o campo By.id: postal-code
######################################
######################################
Clicou no elemento By.id: continue
######################################
]]></system-out>
  </testcase>
  <testcase name="E as informacoes de checkou sao exibidas" classname="| standard_user | secret_sauce | 4 | Felipe | Matos | 54400220 |" time="0">
    <system-out><![CDATA[######################################
Validou a mensagem Sauce Labs Fleece Jacket
######################################
]]></system-out>
  </testcase>
  <testcase name="E clicado em Finish" classname="| standard_user | secret_sauce | 4 | Felipe | Matos | 54400220 |" time="0">
    <system-out><![CDATA[######################################
Clicou no elemento By.id: finish
######################################
]]></system-out>
  </testcase>
  <testcase name="Entao a compra e efetuada" classname="| standard_user | secret_sauce | 4 | Felipe | Matos | 54400220 |" time="0">
    <system-out><![CDATA[######################################
Validou a mensagem Checkout: Complete!
######################################
######################################
Validou a mensagem Thank you for your order!
######################################
######################################
Validou a mensagem Your order has been dispatched, and will arrive just as fast as the pony can get there!
######################################
]]></system-out>
  </testcase>
  <testcase name="E e feito logout" classname="| standard_user | secret_sauce | 4 | Felipe | Matos | 54400220 |" time="0">
    <system-out><![CDATA[######################################
Clicou no elemento By.id: react-burger-menu-btn
######################################
######################################
Clicou no elemento By.id: logout_sidebar_link
######################################
]]></system-out>
  </testcase>
  <testcase name="" classname="| standard_user | secret_sauce | 4 | Felipe | Matos | 54400220 |" time="0.432">
    <system-out><![CDATA[+++++++++++++
Teste sendo exectado: Efetuar compra com multiplos usuarios com fluxo nao impeditivo e validar valor total
Status: passed
Tag: [@Compra-multi-user]
+++++++++++++
Teste sendo exectado: Efetuar compra com multiplos usuarios com fluxo nao impeditivo e validar valor total
Status: passed
Tag: [@Compra-multi-user]
+++++++++++++
Teste sendo exectado: Efetuar compra com multiplos usuarios com fluxo nao impeditivo e validar valor total
Status: passed
Tag: [@Compra-multi-user]
]]></system-out>
  </testcase>
  <testcase name="Dado Que eu acessei a aplicacao" classname="| standard_user | secret_sauce | 3 | Eduardo | Vicente | 54376450 |" time="0">
    <system-err><![CDATA[Starting ChromeDriver 120.0.6099.71 (9729082fe6174c0a371fc66501f5efc5d69d3d2b-refs/branch-heads/6099_56@{#13}) on port 19304
Only local connections are allowed.
Please see https://chromedriver.chromium.org/security-considerations for suggestions on keeping ChromeDriver safe.
ChromeDriver was started successfully.
dez 16, 2023 4:33:52 PM org.openqa.selenium.remote.ProtocolHandshake createSession
INFORMAÇÕES: Detected dialect: W3C
]]></system-err>
  </testcase>
  <testcase name="Dado Que o usuario efetuou login incluindo &quot;standard_user&quot; e &quot;secret_sauce&quot;" classname="| standard_user | secret_sauce | 3 | Eduardo | Vicente | 54376450 |" time="0">
    <system-out><![CDATA[######################################
Preencheu o campo By.id: user-name
######################################
######################################
Preencheu o campo By.id: password
######################################
######################################
Clicou no elemento By.id: login-button
######################################
]]></system-out>
  </testcase>
  <testcase name="E selecionou um produto &quot;3&quot;" classname="| standard_user | secret_sauce | 3 | Eduardo | Vicente | 54376450 |" time="0">
    <system-out><![CDATA[######################################
Clicou no elemento By.xpath: //div[@class="inventory_item"][3]//button
######################################
######################################
Validou a mensagem Remove
######################################
######################################
Clicou no elemento By.id: shopping_cart_container
######################################
######################################
Validou a mensagem Sauce Labs Bolt T-Shirt
######################################
######################################
Validou a mensagem $15.99
######################################
######################################
Clicou no elemento By.id: checkout
######################################
]]></system-out>
  </testcase>
  <testcase name="Quando feito o checkout e preenchido &quot;Eduardo&quot; &quot;Vicente&quot; &quot;54376450&quot;" classname="| standard_user | secret_sauce | 3 | Eduardo | Vicente | 54376450 |" time="0">
    <system-out><![CDATA[######################################
Preencheu o campo By.id: first-name
######################################
######################################
Preencheu o campo By.id: last-name
######################################
######################################
Preencheu o campo By.id: postal-code
######################################
######################################
Clicou no elemento By.id: continue
######################################
]]></system-out>
  </testcase>
  <testcase name="E as informacoes de checkou sao exibidas" classname="| standard_user | secret_sauce | 3 | Eduardo | Vicente | 54376450 |" time="0">
    <system-out><![CDATA[######################################
Validou a mensagem Sauce Labs Bolt T-Shirt
######################################
]]></system-out>
  </testcase>
  <testcase name="E clicado em Finish" classname="| standard_user | secret_sauce | 3 | Eduardo | Vicente | 54376450 |" time="0.001">
    <system-out><![CDATA[######################################
Clicou no elemento By.id: finish
######################################
]]></system-out>
  </testcase>
  <testcase name="Entao a compra e efetuada" classname="| standard_user | secret_sauce | 3 | Eduardo | Vicente | 54376450 |" time="0">
    <system-out><![CDATA[######################################
Validou a mensagem Checkout: Complete!
######################################
######################################
Validou a mensagem Thank you for your order!
######################################
######################################
Validou a mensagem Your order has been dispatched, and will arrive just as fast as the pony can get there!
######################################
]]></system-out>
  </testcase>
  <testcase name="E e feito logout" classname="| standard_user | secret_sauce | 3 | Eduardo | Vicente | 54376450 |" time="0">
    <system-out><![CDATA[######################################
Clicou no elemento By.id: react-burger-menu-btn
######################################
######################################
Clicou no elemento By.id: logout_sidebar_link
######################################
]]></system-out>
  </testcase>
  <testcase name="" classname="| standard_user | secret_sauce | 3 | Eduardo | Vicente | 54376450 |" time="0.363">
    <system-out><![CDATA[+++++++++++++
Teste sendo exectado: Efetuar compra com multiplos usuarios com fluxo nao impeditivo e validar valor total
Status: passed
Tag: [@Compra-multi-user]
+++++++++++++
Teste sendo exectado: Efetuar compra com multiplos usuarios com fluxo nao impeditivo e validar valor total
Status: passed
Tag: [@Compra-multi-user]
+++++++++++++
Teste sendo exectado: Efetuar compra com multiplos usuarios com fluxo nao impeditivo e validar valor total
Status: passed
Tag: [@Compra-multi-user]
]]></system-out>
  </testcase>
  <testcase name="Dado Que eu acessei a aplicacao" classname="| performance_glitch_user | secret_sauce | 2 | Filomena | Santos | 56675220 |" time="0">
    <system-err><![CDATA[Starting ChromeDriver 120.0.6099.71 (9729082fe6174c0a371fc66501f5efc5d69d3d2b-refs/branch-heads/6099_56@{#13}) on port 31176
Only local connections are allowed.
Please see https://chromedriver.chromium.org/security-considerations for suggestions on keeping ChromeDriver safe.
ChromeDriver was started successfully.
dez 16, 2023 4:33:57 PM org.openqa.selenium.remote.ProtocolHandshake createSession
INFORMAÇÕES: Detected dialect: W3C
]]></system-err>
  </testcase>
  <testcase name="Dado Que o usuario efetuou login incluindo &quot;performance_glitch_user&quot; e &quot;secret_sauce&quot;" classname="| performance_glitch_user | secret_sauce | 2 | Filomena | Santos | 56675220 |" time="0">
    <system-out><![CDATA[######################################
Preencheu o campo By.id: user-name
######################################
######################################
Preencheu o campo By.id: password
######################################
######################################
Clicou no elemento By.id: login-button
######################################
]]></system-out>
  </testcase>
  <testcase name="E selecionou um produto &quot;2&quot;" classname="| performance_glitch_user | secret_sauce | 2 | Filomena | Santos | 56675220 |" time="0">
    <system-out><![CDATA[######################################
Clicou no elemento By.xpath: //div[@class="inventory_item"][2]//button
######################################
######################################
Validou a mensagem Remove
######################################
######################################
Clicou no elemento By.id: shopping_cart_container
######################################
######################################
Validou a mensagem Sauce Labs Bike Light
######################################
######################################
Validou a mensagem $9.99
######################################
######################################
Clicou no elemento By.id: checkout
######################################
]]></system-out>
  </testcase>
  <testcase name="Quando feito o checkout e preenchido &quot;Filomena&quot; &quot;Santos&quot; &quot;56675220&quot;" classname="| performance_glitch_user | secret_sauce | 2 | Filomena | Santos | 56675220 |" time="0">
    <system-out><![CDATA[######################################
Preencheu o campo By.id: first-name
######################################
######################################
Preencheu o campo By.id: last-name
######################################
######################################
Preencheu o campo By.id: postal-code
######################################
######################################
Clicou no elemento By.id: continue
######################################
]]></system-out>
  </testcase>
  <testcase name="E as informacoes de checkou sao exibidas" classname="| performance_glitch_user | secret_sauce | 2 | Filomena | Santos | 56675220 |" time="0">
    <system-out><![CDATA[######################################
Validou a mensagem Sauce Labs Bike Light
######################################
]]></system-out>
  </testcase>
  <testcase name="E clicado em Finish" classname="| performance_glitch_user | secret_sauce | 2 | Filomena | Santos | 56675220 |" time="0">
    <system-out><![CDATA[######################################
Clicou no elemento By.id: finish
######################################
]]></system-out>
  </testcase>
  <testcase name="Entao a compra e efetuada" classname="| performance_glitch_user | secret_sauce | 2 | Filomena | Santos | 56675220 |" time="0">
    <system-out><![CDATA[######################################
Validou a mensagem Checkout: Complete!
######################################
######################################
Validou a mensagem Thank you for your order!
######################################
######################################
Validou a mensagem Your order has been dispatched, and will arrive just as fast as the pony can get there!
######################################
]]></system-out>
  </testcase>
  <testcase name="E e feito logout" classname="| performance_glitch_user | secret_sauce | 2 | Filomena | Santos | 56675220 |" time="0">
    <system-out><![CDATA[######################################
Clicou no elemento By.id: react-burger-menu-btn
######################################
######################################
Clicou no elemento By.id: logout_sidebar_link
######################################
]]></system-out>
  </testcase>
  <testcase name="" classname="| performance_glitch_user | secret_sauce | 2 | Filomena | Santos | 56675220 |" time="0.374">
    <system-out><![CDATA[+++++++++++++
Teste sendo exectado: Efetuar compra com multiplos usuarios com fluxo nao impeditivo e validar valor total
Status: passed
Tag: [@Compra-multi-user]
+++++++++++++
Teste sendo exectado: Efetuar compra com multiplos usuarios com fluxo nao impeditivo e validar valor total
Status: passed
Tag: [@Compra-multi-user]
+++++++++++++
Teste sendo exectado: Efetuar compra com multiplos usuarios com fluxo nao impeditivo e validar valor total
Status: passed
Tag: [@Compra-multi-user]
]]></system-out>
  </testcase>
  <testcase name="Dado Que eu acessei a aplicacao" classname="| performance_glitch_user | secret_sauce | 4 | Eduardo | Claudio | 54377750 |" time="0">
    <system-err><![CDATA[Starting ChromeDriver 120.0.6099.71 (9729082fe6174c0a371fc66501f5efc5d69d3d2b-refs/branch-heads/6099_56@{#13}) on port 8967
Only local connections are allowed.
Please see https://chromedriver.chromium.org/security-considerations for suggestions on keeping ChromeDriver safe.
ChromeDriver was started successfully.
dez 16, 2023 4:34:07 PM org.openqa.selenium.remote.ProtocolHandshake createSession
INFORMAÇÕES: Detected dialect: W3C
]]></system-err>
  </testcase>
  <testcase name="Dado Que o usuario efetuou login incluindo &quot;performance_glitch_user&quot; e &quot;secret_sauce&quot;" classname="| performance_glitch_user | secret_sauce | 4 | Eduardo | Claudio | 54377750 |" time="0">
    <system-out><![CDATA[######################################
Preencheu o campo By.id: user-name
######################################
######################################
Preencheu o campo By.id: password
######################################
######################################
Clicou no elemento By.id: login-button
######################################
]]></system-out>
  </testcase>
  <testcase name="E selecionou um produto &quot;4&quot;" classname="| performance_glitch_user | secret_sauce | 4 | Eduardo | Claudio | 54377750 |" time="0">
    <system-out><![CDATA[######################################
Clicou no elemento By.xpath: //div[@class="inventory_item"][4]//button
######################################
######################################
Validou a mensagem Remove
######################################
######################################
Clicou no elemento By.id: shopping_cart_container
######################################
######################################
Validou a mensagem Sauce Labs Fleece Jacket
######################################
######################################
Validou a mensagem $49.99
######################################
######################################
Clicou no elemento By.id: checkout
######################################
]]></system-out>
  </testcase>
  <testcase name="Quando feito o checkout e preenchido &quot;Eduardo&quot; &quot;Claudio&quot; &quot;54377750&quot;" classname="| performance_glitch_user | secret_sauce | 4 | Eduardo | Claudio | 54377750 |" time="0">
    <system-out><![CDATA[######################################
Preencheu o campo By.id: first-name
######################################
######################################
Preencheu o campo By.id: last-name
######################################
######################################
Preencheu o campo By.id: postal-code
######################################
######################################
Clicou no elemento By.id: continue
######################################
]]></system-out>
  </testcase>
  <testcase name="E as informacoes de checkou sao exibidas" classname="| performance_glitch_user | secret_sauce | 4 | Eduardo | Claudio | 54377750 |" time="0">
    <system-out><![CDATA[######################################
Validou a mensagem Sauce Labs Fleece Jacket
######################################
]]></system-out>
  </testcase>
  <testcase name="E clicado em Finish" classname="| performance_glitch_user | secret_sauce | 4 | Eduardo | Claudio | 54377750 |" time="0">
    <system-out><![CDATA[######################################
Clicou no elemento By.id: finish
######################################
]]></system-out>
  </testcase>
  <testcase name="Entao a compra e efetuada" classname="| performance_glitch_user | secret_sauce | 4 | Eduardo | Claudio | 54377750 |" time="0">
    <system-out><![CDATA[######################################
Validou a mensagem Checkout: Complete!
######################################
######################################
Validou a mensagem Thank you for your order!
######################################
######################################
Validou a mensagem Your order has been dispatched, and will arrive just as fast as the pony can get there!
######################################
]]></system-out>
  </testcase>
  <testcase name="E e feito logout" classname="| performance_glitch_user | secret_sauce | 4 | Eduardo | Claudio | 54377750 |" time="0">
    <system-out><![CDATA[######################################
Clicou no elemento By.id: react-burger-menu-btn
######################################
######################################
Clicou no elemento By.id: logout_sidebar_link
######################################
]]></system-out>
  </testcase>
  <testcase name="" classname="| performance_glitch_user | secret_sauce | 4 | Eduardo | Claudio | 54377750 |" time="0.407">
    <system-out><![CDATA[+++++++++++++
Teste sendo exectado: Efetuar compra com multiplos usuarios com fluxo nao impeditivo e validar valor total
Status: passed
Tag: [@Compra-multi-user]
+++++++++++++
Teste sendo exectado: Efetuar compra com multiplos usuarios com fluxo nao impeditivo e validar valor total
Status: passed
Tag: [@Compra-multi-user]
+++++++++++++
Teste sendo exectado: Efetuar compra com multiplos usuarios com fluxo nao impeditivo e validar valor total
Status: passed
Tag: [@Compra-multi-user]
]]></system-out>
  </testcase>
  <testcase name="Dado Que eu acessei a aplicacao" classname="| visual_user | secret_sauce | 1 | Heberth | Silva | 99864436 |" time="0">
    <system-err><![CDATA[Starting ChromeDriver 120.0.6099.71 (9729082fe6174c0a371fc66501f5efc5d69d3d2b-refs/branch-heads/6099_56@{#13}) on port 45473
Only local connections are allowed.
Please see https://chromedriver.chromium.org/security-considerations for suggestions on keeping ChromeDriver safe.
ChromeDriver was started successfully.
dez 16, 2023 4:34:18 PM org.openqa.selenium.remote.ProtocolHandshake createSession
INFORMAÇÕES: Detected dialect: W3C
]]></system-err>
  </testcase>
  <testcase name="Dado Que o usuario efetuou login incluindo &quot;visual_user&quot; e &quot;secret_sauce&quot;" classname="| visual_user | secret_sauce | 1 | Heberth | Silva | 99864436 |" time="0">
    <system-out><![CDATA[######################################
Preencheu o campo By.id: user-name
######################################
######################################
Preencheu o campo By.id: password
######################################
######################################
Clicou no elemento By.id: login-button
######################################
]]></system-out>
  </testcase>
  <testcase name="E selecionou um produto &quot;1&quot;" classname="| visual_user | secret_sauce | 1 | Heberth | Silva | 99864436 |" time="0">
    <system-out><![CDATA[######################################
Clicou no elemento By.xpath: //div[@class="inventory_item"][1]//button
######################################
######################################
Validou a mensagem Remove
######################################
######################################
Clicou no elemento By.id: shopping_cart_container
######################################
######################################
Validou a mensagem Sauce Labs Backpack
######################################
######################################
Validou a mensagem $29.99
######################################
######################################
Clicou no elemento By.id: checkout
######################################
]]></system-out>
  </testcase>
  <testcase name="Quando feito o checkout e preenchido &quot;Heberth&quot; &quot;Silva&quot; &quot;99864436&quot;" classname="| visual_user | secret_sauce | 1 | Heberth | Silva | 99864436 |" time="0">
    <system-out><![CDATA[######################################
Preencheu o campo By.id: first-name
######################################
######################################
Preencheu o campo By.id: last-name
######################################
######################################
Preencheu o campo By.id: postal-code
######################################
######################################
Clicou no elemento By.id: continue
######################################
]]></system-out>
  </testcase>
  <testcase name="E as informacoes de checkou sao exibidas" classname="| visual_user | secret_sauce | 1 | Heberth | Silva | 99864436 |" time="0">
    <system-out><![CDATA[######################################
Validou a mensagem Sauce Labs Backpack
######################################
]]></system-out>
  </testcase>
  <testcase name="E clicado em Finish" classname="| visual_user | secret_sauce | 1 | Heberth | Silva | 99864436 |" time="0">
    <system-out><![CDATA[######################################
Clicou no elemento By.id: finish
######################################
]]></system-out>
  </testcase>
  <testcase name="Entao a compra e efetuada" classname="| visual_user | secret_sauce | 1 | Heberth | Silva | 99864436 |" time="0">
    <system-out><![CDATA[######################################
Validou a mensagem Checkout: Complete!
######################################
######################################
Validou a mensagem Thank you for your order!
######################################
######################################
Validou a mensagem Your order has been dispatched, and will arrive just as fast as the pony can get there!
######################################
]]></system-out>
  </testcase>
  <testcase name="E e feito logout" classname="| visual_user | secret_sauce | 1 | Heberth | Silva | 99864436 |" time="0">
    <system-out><![CDATA[######################################
Clicou no elemento By.id: react-burger-menu-btn
######################################
######################################
Clicou no elemento By.id: logout_sidebar_link
######################################
]]></system-out>
  </testcase>
  <testcase name="" classname="| visual_user | secret_sauce | 1 | Heberth | Silva | 99864436 |" time="0.406">
    <system-out><![CDATA[+++++++++++++
Teste sendo exectado: Efetuar compra com multiplos usuarios com fluxo nao impeditivo e validar valor total
Status: passed
Tag: [@Compra-multi-user]
+++++++++++++
Teste sendo exectado: Efetuar compra com multiplos usuarios com fluxo nao impeditivo e validar valor total
Status: passed
Tag: [@Compra-multi-user]
+++++++++++++
Teste sendo exectado: Efetuar compra com multiplos usuarios com fluxo nao impeditivo e validar valor total
Status: passed
Tag: [@Compra-multi-user]
]]></system-out>
  </testcase>
  <testcase name="Dado Que eu acessei a aplicacao" classname="| visual_user | secret_sauce | 2 | Talita | Nascimento | 99633551 |" time="0">
    <system-err><![CDATA[Starting ChromeDriver 120.0.6099.71 (9729082fe6174c0a371fc66501f5efc5d69d3d2b-refs/branch-heads/6099_56@{#13}) on port 25125
Only local connections are allowed.
Please see https://chromedriver.chromium.org/security-considerations for suggestions on keeping ChromeDriver safe.
ChromeDriver was started successfully.
dez 16, 2023 4:34:23 PM org.openqa.selenium.remote.ProtocolHandshake createSession
INFORMAÇÕES: Detected dialect: W3C
]]></system-err>
  </testcase>
  <testcase name="Dado Que o usuario efetuou login incluindo &quot;visual_user&quot; e &quot;secret_sauce&quot;" classname="| visual_user | secret_sauce | 2 | Talita | Nascimento | 99633551 |" time="0">
    <system-out><![CDATA[######################################
Preencheu o campo By.id: user-name
######################################
######################################
Preencheu o campo By.id: password
######################################
######################################
Clicou no elemento By.id: login-button
######################################
]]></system-out>
  </testcase>
  <testcase name="E selecionou um produto &quot;2&quot;" classname="| visual_user | secret_sauce | 2 | Talita | Nascimento | 99633551 |" time="0">
    <system-out><![CDATA[######################################
Clicou no elemento By.xpath: //div[@class="inventory_item"][2]//button
######################################
######################################
Validou a mensagem Remove
######################################
######################################
Clicou no elemento By.id: shopping_cart_container
######################################
######################################
Validou a mensagem Sauce Labs Bike Light
######################################
######################################
Validou a mensagem $9.99
######################################
######################################
Clicou no elemento By.id: checkout
######################################
]]></system-out>
  </testcase>
  <testcase name="Quando feito o checkout e preenchido &quot;Talita&quot; &quot;Nascimento&quot; &quot;99633551&quot;" classname="| visual_user | secret_sauce | 2 | Talita | Nascimento | 99633551 |" time="0">
    <system-out><![CDATA[######################################
Preencheu o campo By.id: first-name
######################################
######################################
Preencheu o campo By.id: last-name
######################################
######################################
Preencheu o campo By.id: postal-code
######################################
######################################
Clicou no elemento By.id: continue
######################################
]]></system-out>
  </testcase>
  <testcase name="E as informacoes de checkou sao exibidas" classname="| visual_user | secret_sauce | 2 | Talita | Nascimento | 99633551 |" time="0">
    <system-out><![CDATA[######################################
Validou a mensagem Sauce Labs Bike Light
######################################
]]></system-out>
  </testcase>
  <testcase name="E clicado em Finish" classname="| visual_user | secret_sauce | 2 | Talita | Nascimento | 99633551 |" time="0">
    <system-out><![CDATA[######################################
Clicou no elemento By.id: finish
######################################
]]></system-out>
  </testcase>
  <testcase name="Entao a compra e efetuada" classname="| visual_user | secret_sauce | 2 | Talita | Nascimento | 99633551 |" time="0">
    <system-out><![CDATA[######################################
Validou a mensagem Checkout: Complete!
######################################
######################################
Validou a mensagem Thank you for your order!
######################################
######################################
Validou a mensagem Your order has been dispatched, and will arrive just as fast as the pony can get there!
######################################
]]></system-out>
  </testcase>
  <testcase name="E e feito logout" classname="| visual_user | secret_sauce | 2 | Talita | Nascimento | 99633551 |" time="0">
    <system-out><![CDATA[######################################
Clicou no elemento By.id: react-burger-menu-btn
######################################
######################################
Clicou no elemento By.id: logout_sidebar_link
######################################
]]></system-out>
  </testcase>
  <testcase name="" classname="| visual_user | secret_sauce | 2 | Talita | Nascimento | 99633551 |" time="0.355">
    <system-out><![CDATA[+++++++++++++
Teste sendo exectado: Efetuar compra com multiplos usuarios com fluxo nao impeditivo e validar valor total
Status: passed
Tag: [@Compra-multi-user]
+++++++++++++
Teste sendo exectado: Efetuar compra com multiplos usuarios com fluxo nao impeditivo e validar valor total
Status: passed
Tag: [@Compra-multi-user]
+++++++++++++
Teste sendo exectado: Efetuar compra com multiplos usuarios com fluxo nao impeditivo e validar valor total
Status: passed
Tag: [@Compra-multi-user]
]]></system-out>
  </testcase>
  <testcase name="Dado Que eu acessei a aplicacao" classname="| locked_out_user | secret_sauce | Epic sadface: Sorry, this user has been locked out. |" time="0">
    <system-err><![CDATA[Starting ChromeDriver 120.0.6099.71 (9729082fe6174c0a371fc66501f5efc5d69d3d2b-refs/branch-heads/6099_56@{#13}) on port 26023
Only local connections are allowed.
Please see https://chromedriver.chromium.org/security-considerations for suggestions on keeping ChromeDriver safe.
ChromeDriver was started successfully.
dez 16, 2023 4:34:28 PM org.openqa.selenium.remote.ProtocolHandshake createSession
INFORMAÇÕES: Detected dialect: W3C
]]></system-err>
  </testcase>
  <testcase name="Dado que foi incluido &quot;locked_out_user&quot; e &quot;secret_sauce&quot;" classname="| locked_out_user | secret_sauce | Epic sadface: Sorry, this user has been locked out. |" time="0">
    <system-out><![CDATA[######################################
Preencheu o campo By.id: user-name
######################################
######################################
Preencheu o campo By.id: password
######################################
]]></system-out>
  </testcase>
  <testcase name="Quando clicar em Login" classname="| locked_out_user | secret_sauce | Epic sadface: Sorry, this user has been locked out. |" time="0.001">
    <system-out><![CDATA[######################################
Clicou no elemento By.id: login-button
######################################
]]></system-out>
  </testcase>
  <testcase name="Entao sera exibido &quot;Epic sadface: Sorry, this user has been locked out.&quot;" classname="| locked_out_user | secret_sauce | Epic sadface: Sorry, this user has been locked out. |" time="0">
    <system-out><![CDATA[######################################
Validou a mensagem Epic sadface: Sorry, this user has been locked out.
######################################
]]></system-out>
  </testcase>
  <testcase name="" classname="| locked_out_user | secret_sauce | Epic sadface: Sorry, this user has been locked out. |" time="0.37">
    <system-out><![CDATA[+++++++++++++
Teste sendo exectadoEfetuar login com usuario locked-out-user
Status: passed
Tag: [@Locked-out-user]
+++++++++++++
Teste sendo exectadoEfetuar login com usuario locked-out-user
Status: passed
Tag: [@Locked-out-user]
+++++++++++++
Teste sendo exectadoEfetuar login com usuario locked-out-user
Status: passed
Tag: [@Locked-out-user]
]]></system-out>
  </testcase>
  <testcase name="Dado Que eu acessei a aplicacao" classname="| problem_user | secret_sauce | 1 | Luana | Flores | 86364895 | Error: Last Name is required |" time="0">
    <system-err><![CDATA[Starting ChromeDriver 120.0.6099.71 (9729082fe6174c0a371fc66501f5efc5d69d3d2b-refs/branch-heads/6099_56@{#13}) on port 46717
Only local connections are allowed.
Please see https://chromedriver.chromium.org/security-considerations for suggestions on keeping ChromeDriver safe.
ChromeDriver was started successfully.
dez 16, 2023 4:34:32 PM org.openqa.selenium.remote.ProtocolHandshake createSession
INFORMAÇÕES: Detected dialect: W3C
]]></system-err>
  </testcase>
  <testcase name="Dado Que o usuario efetuou login incluindo &quot;problem_user&quot; e &quot;secret_sauce&quot;" classname="| problem_user | secret_sauce | 1 | Luana | Flores | 86364895 | Error: Last Name is required |" time="0">
    <system-out><![CDATA[######################################
Preencheu o campo By.id: user-name
######################################
######################################
Preencheu o campo By.id: password
######################################
######################################
Clicou no elemento By.id: login-button
######################################
]]></system-out>
  </testcase>
  <testcase name="E selecionou um produto &quot;1&quot;" classname="| problem_user | secret_sauce | 1 | Luana | Flores | 86364895 | Error: Last Name is required |" time="0">
    <system-out><![CDATA[######################################
Clicou no elemento By.xpath: //div[@class="inventory_item"][1]//button
######################################
######################################
Validou a mensagem Remove
######################################
######################################
Clicou no elemento By.id: shopping_cart_container
######################################
######################################
Validou a mensagem Sauce Labs Backpack
######################################
######################################
Validou a mensagem $29.99
######################################
######################################
Clicou no elemento By.id: checkout
######################################
]]></system-out>
  </testcase>
  <testcase name="Quando feito o checkout e preenchido &quot;Luana&quot; &quot;Flores&quot; &quot;86364895&quot;" classname="| problem_user | secret_sauce | 1 | Luana | Flores | 86364895 | Error: Last Name is required |" time="0">
    <system-out><![CDATA[######################################
Preencheu o campo By.id: first-name
######################################
######################################
Preencheu o campo By.id: last-name
######################################
######################################
Preencheu o campo By.id: postal-code
######################################
######################################
Clicou no elemento By.id: continue
######################################
]]></system-out>
  </testcase>
  <testcase name="Entao e exibido &quot;Error: Last Name is required&quot; de erro" classname="| problem_user | secret_sauce | 1 | Luana | Flores | 86364895 | Error: Last Name is required |" time="0">
    <system-out><![CDATA[######################################
Validou a mensagem Error: Last Name is required
######################################
]]></system-out>
  </testcase>
  <testcase name="E e feito logout" classname="| problem_user | secret_sauce | 1 | Luana | Flores | 86364895 | Error: Last Name is required |" time="0">
    <system-out><![CDATA[######################################
Clicou no elemento By.id: react-burger-menu-btn
######################################
######################################
Clicou no elemento By.id: logout_sidebar_link
######################################
]]></system-out>
  </testcase>
  <testcase name="" classname="| problem_user | secret_sauce | 1 | Luana | Flores | 86364895 | Error: Last Name is required |" time="0.413">
    <system-out><![CDATA[+++++++++++++
Teste sendo exectadoFluxo de compra com usuario com problema
Status: passed
Tag: [@Problem-user]
+++++++++++++
Teste sendo exectadoFluxo de compra com usuario com problema
Status: passed
Tag: [@Problem-user]
+++++++++++++
Teste sendo exectadoFluxo de compra com usuario com problema
Status: passed
Tag: [@Problem-user]
]]></system-out>
  </testcase>
  <testcase name="Dado Que eu acessei a aplicacao" classname="| problem_user | secret_sauce | 2 | Viviane | Macedo | 18264976 | Error: Last Name is required |" time="0">
    <system-err><![CDATA[Starting ChromeDriver 120.0.6099.71 (9729082fe6174c0a371fc66501f5efc5d69d3d2b-refs/branch-heads/6099_56@{#13}) on port 3861
Only local connections are allowed.
Please see https://chromedriver.chromium.org/security-considerations for suggestions on keeping ChromeDriver safe.
ChromeDriver was started successfully.
dez 16, 2023 4:34:37 PM org.openqa.selenium.remote.ProtocolHandshake createSession
INFORMAÇÕES: Detected dialect: W3C
]]></system-err>
  </testcase>
  <testcase name="Dado Que o usuario efetuou login incluindo &quot;problem_user&quot; e &quot;secret_sauce&quot;" classname="| problem_user | secret_sauce | 2 | Viviane | Macedo | 18264976 | Error: Last Name is required |" time="0">
    <system-out><![CDATA[######################################
Preencheu o campo By.id: user-name
######################################
######################################
Preencheu o campo By.id: password
######################################
######################################
Clicou no elemento By.id: login-button
######################################
]]></system-out>
  </testcase>
  <testcase name="E selecionou um produto &quot;2&quot;" classname="| problem_user | secret_sauce | 2 | Viviane | Macedo | 18264976 | Error: Last Name is required |" time="0">
    <system-out><![CDATA[######################################
Clicou no elemento By.xpath: //div[@class="inventory_item"][2]//button
######################################
######################################
Validou a mensagem Remove
######################################
######################################
Clicou no elemento By.id: shopping_cart_container
######################################
######################################
Validou a mensagem Sauce Labs Bike Light
######################################
######################################
Validou a mensagem $9.99
######################################
######################################
Clicou no elemento By.id: checkout
######################################
]]></system-out>
  </testcase>
  <testcase name="Quando feito o checkout e preenchido &quot;Viviane&quot; &quot;Macedo&quot; &quot;18264976&quot;" classname="| problem_user | secret_sauce | 2 | Viviane | Macedo | 18264976 | Error: Last Name is required |" time="0">
    <system-out><![CDATA[######################################
Preencheu o campo By.id: first-name
######################################
######################################
Preencheu o campo By.id: last-name
######################################
######################################
Preencheu o campo By.id: postal-code
######################################
######################################
Clicou no elemento By.id: continue
######################################
]]></system-out>
  </testcase>
  <testcase name="Entao e exibido &quot;Error: Last Name is required&quot; de erro" classname="| problem_user | secret_sauce | 2 | Viviane | Macedo | 18264976 | Error: Last Name is required |" time="0">
    <system-out><![CDATA[######################################
Validou a mensagem Error: Last Name is required
######################################
]]></system-out>
  </testcase>
  <testcase name="E e feito logout" classname="| problem_user | secret_sauce | 2 | Viviane | Macedo | 18264976 | Error: Last Name is required |" time="0">
    <system-out><![CDATA[######################################
Clicou no elemento By.id: react-burger-menu-btn
######################################
######################################
Clicou no elemento By.id: logout_sidebar_link
######################################
]]></system-out>
  </testcase>
  <testcase name="" classname="| problem_user | secret_sauce | 2 | Viviane | Macedo | 18264976 | Error: Last Name is required |" time="0.398">
    <system-out><![CDATA[+++++++++++++
Teste sendo exectadoFluxo de compra com usuario com problema
Status: passed
Tag: [@Problem-user]
+++++++++++++
Teste sendo exectadoFluxo de compra com usuario com problema
Status: passed
Tag: [@Problem-user]
+++++++++++++
Teste sendo exectadoFluxo de compra com usuario com problema
Status: passed
Tag: [@Problem-user]
]]></system-out>
  </testcase>
  <testcase name="Dado Que eu acessei a aplicacao" classname="| error_user | secret_sauce | 1 | Luana | Flores | 86364895 |" time="0">
    <system-err><![CDATA[Starting ChromeDriver 120.0.6099.71 (9729082fe6174c0a371fc66501f5efc5d69d3d2b-refs/branch-heads/6099_56@{#13}) on port 27865
Only local connections are allowed.
Please see https://chromedriver.chromium.org/security-considerations for suggestions on keeping ChromeDriver safe.
ChromeDriver was started successfully.
dez 16, 2023 4:34:42 PM org.openqa.selenium.remote.ProtocolHandshake createSession
INFORMAÇÕES: Detected dialect: W3C
]]></system-err>
  </testcase>
  <testcase name="Dado Que o usuario efetuou login incluindo &quot;error_user&quot; e &quot;secret_sauce&quot;" classname="| error_user | secret_sauce | 1 | Luana | Flores | 86364895 |" time="0">
    <system-out><![CDATA[######################################
Preencheu o campo By.id: user-name
######################################
######################################
Preencheu o campo By.id: password
######################################
######################################
Clicou no elemento By.id: login-button
######################################
]]></system-out>
  </testcase>
  <testcase name="E selecionou um produto &quot;1&quot;" classname="| error_user | secret_sauce | 1 | Luana | Flores | 86364895 |" time="0">
    <system-out><![CDATA[######################################
Clicou no elemento By.xpath: //div[@class="inventory_item"][1]//button
######################################
######################################
Validou a mensagem Remove
######################################
######################################
Clicou no elemento By.id: shopping_cart_container
######################################
######################################
Validou a mensagem Sauce Labs Backpack
######################################
######################################
Validou a mensagem $29.99
######################################
######################################
Clicou no elemento By.id: checkout
######################################
]]></system-out>
  </testcase>
  <testcase name="Quando feito o checkout e preenchido &quot;Luana&quot; &quot;Flores&quot; &quot;86364895&quot;" classname="| error_user | secret_sauce | 1 | Luana | Flores | 86364895 |" time="0">
    <system-out><![CDATA[######################################
Preencheu o campo By.id: first-name
######################################
######################################
Preencheu o campo By.id: last-name
######################################
######################################
Preencheu o campo By.id: postal-code
######################################
######################################
Clicou no elemento By.id: continue
######################################
]]></system-out>
  </testcase>
  <testcase name="E as informacoes de checkou sao exibidas" classname="| error_user | secret_sauce | 1 | Luana | Flores | 86364895 |" time="0">
    <system-out><![CDATA[######################################
Validou a mensagem Sauce Labs Backpack
######################################
]]></system-out>
  </testcase>
  <testcase name="E clicado em Finish" classname="| error_user | secret_sauce | 1 | Luana | Flores | 86364895 |" time="0">
    <system-out><![CDATA[######################################
Clicou no elemento By.id: finish
######################################
]]></system-out>
  </testcase>
  <testcase name="Entao a compra nao foi efetuada" classname="| error_user | secret_sauce | 1 | Luana | Flores | 86364895 |" time="0"/>
  <testcase name="" classname="| error_user | secret_sauce | 1 | Luana | Flores | 86364895 |" time="0.37">
    <system-out><![CDATA[+++++++++++++
Teste sendo exectadoFluxo de compra com usuario com erro
Status: passed
Tag: [@Error-user]
+++++++++++++
Teste sendo exectadoFluxo de compra com usuario com erro
Status: passed
Tag: [@Error-user]
+++++++++++++
Teste sendo exectadoFluxo de compra com usuario com erro
Status: passed
Tag: [@Error-user]
]]></system-out>
  </testcase>
  <testcase name="Dado Que eu acessei a aplicacao" classname="| error_user | secret_sauce | 2 | Valmir | Cleiton | 76567895 |" time="0">
    <system-err><![CDATA[Starting ChromeDriver 120.0.6099.71 (9729082fe6174c0a371fc66501f5efc5d69d3d2b-refs/branch-heads/6099_56@{#13}) on port 42496
Only local connections are allowed.
Please see https://chromedriver.chromium.org/security-considerations for suggestions on keeping ChromeDriver safe.
ChromeDriver was started successfully.
dez 16, 2023 4:34:46 PM org.openqa.selenium.remote.ProtocolHandshake createSession
INFORMAÇÕES: Detected dialect: W3C
]]></system-err>
  </testcase>
  <testcase name="Dado Que o usuario efetuou login incluindo &quot;error_user&quot; e &quot;secret_sauce&quot;" classname="| error_user | secret_sauce | 2 | Valmir | Cleiton | 76567895 |" time="0">
    <system-out><![CDATA[######################################
Preencheu o campo By.id: user-name
######################################
######################################
Preencheu o campo By.id: password
######################################
######################################
Clicou no elemento By.id: login-button
######################################
]]></system-out>
  </testcase>
  <testcase name="E selecionou um produto &quot;2&quot;" classname="| error_user | secret_sauce | 2 | Valmir | Cleiton | 76567895 |" time="0">
    <system-out><![CDATA[######################################
Clicou no elemento By.xpath: //div[@class="inventory_item"][2]//button
######################################
######################################
Validou a mensagem Remove
######################################
######################################
Clicou no elemento By.id: shopping_cart_container
######################################
######################################
Validou a mensagem Sauce Labs Bike Light
######################################
######################################
Validou a mensagem $9.99
######################################
######################################
Clicou no elemento By.id: checkout
######################################
]]></system-out>
  </testcase>
  <testcase name="Quando feito o checkout e preenchido &quot;Valmir&quot; &quot;Cleiton&quot; &quot;76567895&quot;" classname="| error_user | secret_sauce | 2 | Valmir | Cleiton | 76567895 |" time="0">
    <system-out><![CDATA[######################################
Preencheu o campo By.id: first-name
######################################
######################################
Preencheu o campo By.id: last-name
######################################
######################################
Preencheu o campo By.id: postal-code
######################################
######################################
Clicou no elemento By.id: continue
######################################
]]></system-out>
  </testcase>
  <testcase name="E as informacoes de checkou sao exibidas" classname="| error_user | secret_sauce | 2 | Valmir | Cleiton | 76567895 |" time="0">
    <system-out><![CDATA[######################################
Validou a mensagem Sauce Labs Bike Light
######################################
]]></system-out>
  </testcase>
  <testcase name="E clicado em Finish" classname="| error_user | secret_sauce | 2 | Valmir | Cleiton | 76567895 |" time="0">
    <system-out><![CDATA[######################################
Clicou no elemento By.id: finish
######################################
]]></system-out>
  </testcase>
  <testcase name="Entao a compra nao foi efetuada" classname="| error_user | secret_sauce | 2 | Valmir | Cleiton | 76567895 |" time="0"/>
  <testcase name="" classname="| error_user | secret_sauce | 2 | Valmir | Cleiton | 76567895 |" time="0.385">
    <system-out><![CDATA[+++++++++++++
Teste sendo exectadoFluxo de compra com usuario com erro
Status: passed
Tag: [@Error-user]
+++++++++++++
Teste sendo exectadoFluxo de compra com usuario com erro
Status: passed
Tag: [@Error-user]
+++++++++++++
Teste sendo exectadoFluxo de compra com usuario com erro
Status: passed
Tag: [@Error-user]
]]></system-out>
  </testcase>
</testsuite>