<?xml version="1.0" encoding="UTF-8"?>
<testsuite xmlns:xsi="http://www.w3.org/2001/XMLSchema-instance" xsi:noNamespaceSchemaLocation="https://maven.apache.org/surefire/maven-surefire-plugin/xsd/surefire-test-report-3.0.xsd" version="3.0" name="Runner.RunCucumberTest" time="177.932" tests="174" errors="0" skipped="0" failures="0">
  <properties>
[...]
</properties>
  <testcase name="Dado Que eu acessei a aplicacao" classname="| 1 |" time="0">
    <system-err><![CDATA[1702771920228	geckodriver	INFO	Listening on 127.0.0.1:7709
1702771920858	mozrunner::runner	INFO	Running command: "C:\\Program Files\\Mozilla Firefox\\firefox.exe" "--marionette" "-no-remote" "-profile" "C:\\Users\\lipel\\AppData\\Local\\Temp\\rust_mozprofilewySqZL"
console.warn: services.settings: Ignoring preference override of remote settings server
console.warn: services.settings: Allow by setting MOZ_REMOTE_SETTINGS_DEVTOOLS=1 in the environment
1702771921342	Marionette	INFO	Marionette enabled
Dynamically enable window occlusion 0
1702771921971	Marionette	INFO	Listening on port 62747
Read port: 62747
1702771922151	RemoteAgent	WARN	TLS certificate errors will be ignored for this session
dez 16, 2023 10:12:03 PM org.openqa.selenium.remote.ProtocolHandshake createSession
INFORMAÇÕES: Detected dialect: W3C
]]></system-err>
  </testcase>
  <testcase name="Dado Que o usuario efetuou login incluindo &quot;standard_user&quot; e &quot;secret_sauce&quot;" classname="| 1 |" time="0">
    <system-out><![CDATA[######################################
Preencheu o campo By.id: user-name
######################################
######################################
Preencheu o campo By.id: password
######################################
######################################
Clicou no elemento By.id: login-button
######################################
######################################
######################################
Validou os valores https://www.saucedemo.com/inventory.html e https://www.saucedemo.com/inventory.html
######################################
Validou a url https://www.saucedemo.com/inventory.html
######################################
]]></system-out>
    <system-err><![CDATA[console.warn: LoginRecipes: "Falling back to a synchronous message for: https://www.saucedemo.com."
console.warn: LoginRecipes: "Falling back to a synchronous message for: https://www.saucedemo.com."
]]></system-err>
  </testcase>
  <testcase name="Quando um item &quot;1&quot;e adicionado ao carrinho" classname="| 1 |" time="0">
    <system-out><![CDATA[######################################
Clicou no elemento By.xpath: //div[@class="inventory_item"][1]//button
######################################
######################################
Validou a mensagem Remove
######################################
name item 1 = Sauce Labs Backpack
price item 1 = $29.99
]]></system-out>
  </testcase>
  <testcase name="E o carrinho e acessado" classname="| 1 |" time="0">
    <system-out><![CDATA[######################################
Clicou no elemento By.id: shopping_cart_container
######################################
]]></system-out>
  </testcase>
  <testcase name="Entao o produto e adicionado ao carrinho" classname="| 1 |" time="0">
    <system-out><![CDATA[######################################
Validou a mensagem $29.99
######################################
######################################
Validou a mensagem Sauce Labs Backpack
######################################
]]></system-out>
  </testcase>
  <testcase name="E e feito logout" classname="| 1 |" time="0">
    <system-out><![CDATA[######################################
Clicou no elemento By.id: react-burger-menu-btn
######################################
######################################
Clicou no elemento By.id: logout_sidebar_link
######################################
######################################
######################################
Validou os valores https://www.saucedemo.com/ e https://www.saucedemo.com/
######################################
Validou a url https://www.saucedemo.com/
######################################
]]></system-out>
  </testcase>
  <testcase name="" classname="| 1 |" time="0.103">
    <system-out><![CDATA[+++++++++++++
Teste sendo exectado: Validar nome e valor do item adicionado ao carrinho
Status: passed
Tag: [@Item-1, @Id-1, @Carrinho]
+++++++++++++
Teste sendo exectado: Validar nome e valor do item adicionado ao carrinho
Status: passed
Tag: [@Item-1, @Id-1, @Carrinho]
]]></system-out>
  </testcase>
  <testcase name="Dado Que eu acessei a aplicacao" classname="| 2 |" time="0">
    <system-err><![CDATA[1702771927738	Marionette	INFO	Stopped listening on port 62747
Dynamically enable window occlusion 1
1702771928629	geckodriver	INFO	Listening on 127.0.0.1:41876
1702771929101	mozrunner::runner	INFO	Running command: "C:\\Program Files\\Mozilla Firefox\\firefox.exe" "--marionette" "-no-remote" "-profile" "C:\\Users\\lipel\\AppData\\Local\\Temp\\rust_mozprofileO7IkeB"
console.warn: services.settings: Ignoring preference override of remote settings server
console.warn: services.settings: Allow by setting MOZ_REMOTE_SETTINGS_DEVTOOLS=1 in the environment
1702771929361	Marionette	INFO	Marionette enabled
Dynamically enable window occlusion 0
1702771929812	Marionette	INFO	Listening on port 62795
Read port: 62795
1702771929957	RemoteAgent	WARN	TLS certificate errors will be ignored for this session
dez 16, 2023 10:12:11 PM org.openqa.selenium.remote.ProtocolHandshake createSession
INFORMAÇÕES: Detected dialect: W3C
]]></system-err>
  </testcase>
  <testcase name="Dado Que o usuario efetuou login incluindo &quot;standard_user&quot; e &quot;secret_sauce&quot;" classname="| 2 |" time="0">
    <system-out><![CDATA[######################################
Preencheu o campo By.id: user-name
######################################
######################################
Preencheu o campo By.id: password
######################################
######################################
Clicou no elemento By.id: login-button
######################################
######################################
######################################
Validou os valores https://www.saucedemo.com/inventory.html e https://www.saucedemo.com/inventory.html
######################################
Validou a url https://www.saucedemo.com/inventory.html
######################################
]]></system-out>
    <system-err><![CDATA[console.warn: LoginRecipes: "Falling back to a synchronous message for: https://www.saucedemo.com."
console.warn: LoginRecipes: "Falling back to a synchronous message for: https://www.saucedemo.com."
]]></system-err>
  </testcase>
  <testcase name="Quando um item &quot;2&quot;e adicionado ao carrinho" classname="| 2 |" time="0">
    <system-out><![CDATA[######################################
Clicou no elemento By.xpath: //div[@class="inventory_item"][2]//button
######################################
######################################
Validou a mensagem Remove
######################################
name item 1 = Sauce Labs Bike Light
price item 1 = $9.99
]]></system-out>
  </testcase>
  <testcase name="E o carrinho e acessado" classname="| 2 |" time="0">
    <system-out><![CDATA[######################################
Clicou no elemento By.id: shopping_cart_container
######################################
]]></system-out>
  </testcase>
  <testcase name="Entao o produto e adicionado ao carrinho" classname="| 2 |" time="0">
    <system-out><![CDATA[######################################
Validou a mensagem $9.99
######################################
######################################
Validou a mensagem Sauce Labs Bike Light
######################################
]]></system-out>
  </testcase>
  <testcase name="E e feito logout" classname="| 2 |" time="0">
    <system-out><![CDATA[######################################
Clicou no elemento By.id: react-burger-menu-btn
######################################
######################################
Clicou no elemento By.id: logout_sidebar_link
######################################
######################################
######################################
Validou os valores https://www.saucedemo.com/ e https://www.saucedemo.com/
######################################
Validou a url https://www.saucedemo.com/
######################################
]]></system-out>
  </testcase>
  <testcase name="" classname="| 2 |" time="0.075">
    <system-out><![CDATA[+++++++++++++
Teste sendo exectado: Validar nome e valor do item adicionado ao carrinho
Status: passed
Tag: [@Item-1, @Id-1, @Carrinho]
+++++++++++++
Teste sendo exectado: Validar nome e valor do item adicionado ao carrinho
Status: passed
Tag: [@Item-1, @Id-1, @Carrinho]
]]></system-out>
  </testcase>
  <testcase name="Dado Que eu acessei a aplicacao" classname="| 1 | 2 |" time="0">
    <system-err><![CDATA[1702771934645	Marionette	INFO	Stopped listening on port 62795
Dynamically enable window occlusion 1
1702771935438	geckodriver	INFO	Listening on 127.0.0.1:28292
1702771935937	mozrunner::runner	INFO	Running command: "C:\\Program Files\\Mozilla Firefox\\firefox.exe" "--marionette" "-no-remote" "-profile" "C:\\Users\\lipel\\AppData\\Local\\Temp\\rust_mozprofilejc7wtF"
console.warn: services.settings: Ignoring preference override of remote settings server
console.warn: services.settings: Allow by setting MOZ_REMOTE_SETTINGS_DEVTOOLS=1 in the environment
1702771936203	Marionette	INFO	Marionette enabled
Dynamically enable window occlusion 0
1702771936659	Marionette	INFO	Listening on port 62840
Read port: 62840
1702771936802	RemoteAgent	WARN	TLS certificate errors will be ignored for this session
dez 16, 2023 10:12:17 PM org.openqa.selenium.remote.ProtocolHandshake createSession
INFORMAÇÕES: Detected dialect: W3C
]]></system-err>
  </testcase>
  <testcase name="Dado Que eu acessei a aplicacao" classname="| 1 | 2 |" time="0">
    <system-err><![CDATA[1702771948959	Marionette	INFO	Stopped listening on port 62887
Dynamically enable window occlusion 1
1702771949723	geckodriver	INFO	Listening on 127.0.0.1:30205
1702771950200	mozrunner::runner	INFO	Running command: "C:\\Program Files\\Mozilla Firefox\\firefox.exe" "--marionette" "-no-remote" "-profile" "C:\\Users\\lipel\\AppData\\Local\\Temp\\rust_mozprofileXLYmSC"
console.warn: services.settings: Ignoring preference override of remote settings server
console.warn: services.settings: Allow by setting MOZ_REMOTE_SETTINGS_DEVTOOLS=1 in the environment
1702771950462	Marionette	INFO	Marionette enabled
Dynamically enable window occlusion 0
1702771950912	Marionette	INFO	Listening on port 62934
Read port: 62934
1702771951058	RemoteAgent	WARN	TLS certificate errors will be ignored for this session
dez 16, 2023 10:12:32 PM org.openqa.selenium.remote.ProtocolHandshake createSession
INFORMAÇÕES: Detected dialect: W3C
]]></system-err>
  </testcase>
  <testcase name="Dado Que eu acessei a aplicacao" classname="| 1 | 2 |" time="0">
    <system-err><![CDATA[1702771963045	Marionette	INFO	Stopped listening on port 62980
Dynamically enable window occlusion 1
1702771963884	geckodriver	INFO	Listening on 127.0.0.1:13725
1702771964369	mozrunner::runner	INFO	Running command: "C:\\Program Files\\Mozilla Firefox\\firefox.exe" "--marionette" "-no-remote" "-profile" "C:\\Users\\lipel\\AppData\\Local\\Temp\\rust_mozprofilebhn8GP"
console.warn: services.settings: Ignoring preference override of remote settings server
console.warn: services.settings: Allow by setting MOZ_REMOTE_SETTINGS_DEVTOOLS=1 in the environment
1702771964632	Marionette	INFO	Marionette enabled
Dynamically enable window occlusion 0
1702771965073	Marionette	INFO	Listening on port 63024
Read port: 63024
1702771965218	RemoteAgent	WARN	TLS certificate errors will be ignored for this session
dez 16, 2023 10:12:46 PM org.openqa.selenium.remote.ProtocolHandshake createSession
INFORMAÇÕES: Detected dialect: W3C
]]></system-err>
  </testcase>
  <testcase name="Dado Que o usuario efetuou login incluindo &quot;standard_user&quot; e &quot;secret_sauce&quot;" classname="| 1 | 2 |" time="0">
    <system-out><![CDATA[######################################
Preencheu o campo By.id: user-name
######################################
######################################
Preencheu o campo By.id: password
######################################
######################################
Clicou no elemento By.id: login-button
######################################
######################################
######################################
Validou os valores https://www.saucedemo.com/inventory.html e https://www.saucedemo.com/inventory.html
######################################
Validou a url https://www.saucedemo.com/inventory.html
######################################
]]></system-out>
    <system-err><![CDATA[console.warn: LoginRecipes: "Falling back to a synchronous message for: https://www.saucedemo.com."
console.warn: LoginRecipes: "Falling back to a synchronous message for: https://www.saucedemo.com."
]]></system-err>
  </testcase>
  <testcase name="Dado Que o usuario efetuou login incluindo &quot;standard_user&quot; e &quot;secret_sauce&quot;" classname="| 1 | 2 |" time="0">
    <system-out><![CDATA[######################################
Preencheu o campo By.id: user-name
######################################
######################################
Preencheu o campo By.id: password
######################################
######################################
Clicou no elemento By.id: login-button
######################################
######################################
######################################
Validou os valores https://www.saucedemo.com/inventory.html e https://www.saucedemo.com/inventory.html
######################################
Validou a url https://www.saucedemo.com/inventory.html
######################################
]]></system-out>
    <system-err><![CDATA[console.warn: LoginRecipes: "Falling back to a synchronous message for: https://www.saucedemo.com."
console.warn: LoginRecipes: "Falling back to a synchronous message for: https://www.saucedemo.com."
]]></system-err>
  </testcase>
  <testcase name="Dado Que o usuario efetuou login incluindo &quot;standard_user&quot; e &quot;secret_sauce&quot;" classname="| 1 | 2 |" time="0">
    <system-out><![CDATA[######################################
Preencheu o campo By.id: user-name
######################################
######################################
Preencheu o campo By.id: password
######################################
######################################
Clicou no elemento By.id: login-button
######################################
######################################
######################################
Validou os valores https://www.saucedemo.com/inventory.html e https://www.saucedemo.com/inventory.html
######################################
Validou a url https://www.saucedemo.com/inventory.html
######################################
]]></system-out>
    <system-err><![CDATA[console.warn: LoginRecipes: "Falling back to a synchronous message for: https://www.saucedemo.com."
console.warn: LoginRecipes: "Falling back to a synchronous message for: https://www.saucedemo.com."
]]></system-err>
  </testcase>
  <testcase name="Quando multiplos itens&quot;1&quot; &quot;2&quot; sao adicionados ao carrinho" classname="| 1 | 2 |" time="0">
    <system-out><![CDATA[######################################
Clicou no elemento By.xpath: //div[@class="inventory_item"][1]//button
######################################
######################################
Validou a mensagem Remove
######################################
name item 1 = Sauce Labs Backpack
price item 1 = $29.99
######################################
Clicou no elemento By.xpath: //div[@class="inventory_item"][2]//button
######################################
######################################
Validou a mensagem Remove
######################################
name item 2 = Sauce Labs Bike Light
price item 2 = $9.99
]]></system-out>
  </testcase>
  <testcase name="Quando multiplos itens&quot;1&quot; &quot;2&quot; sao adicionados ao carrinho" classname="| 1 | 2 |" time="0">
    <system-out><![CDATA[######################################
Clicou no elemento By.xpath: //div[@class="inventory_item"][1]//button
######################################
######################################
Validou a mensagem Remove
######################################
name item 1 = Sauce Labs Backpack
price item 1 = $29.99
######################################
Clicou no elemento By.xpath: //div[@class="inventory_item"][2]//button
######################################
######################################
Validou a mensagem Remove
######################################
name item 2 = Sauce Labs Bike Light
price item 2 = $9.99
]]></system-out>
  </testcase>
  <testcase name="E o carrinho e acessado" classname="| 1 | 2 |" time="0">
    <system-out><![CDATA[######################################
Clicou no elemento By.id: shopping_cart_container
######################################
]]></system-out>
  </testcase>
  <testcase name="Entao os produtos sao adicionados ao carrinho" classname="| 1 | 2 |" time="0">
    <system-out><![CDATA[######################################
Validou a mensagem $29.99
######################################
######################################
Validou a mensagem $9.99
######################################
]]></system-out>
  </testcase>
  <testcase name="E e feito logout" classname="| 1 | 2 |" time="0">
    <system-out><![CDATA[######################################
Clicou no elemento By.id: react-burger-menu-btn
######################################
######################################
Clicou no elemento By.id: logout_sidebar_link
######################################
######################################
######################################
Validou os valores https://www.saucedemo.com/ e https://www.saucedemo.com/
######################################
Validou a url https://www.saucedemo.com/
######################################
]]></system-out>
  </testcase>
  <testcase name="E e feito logout" classname="| 1 | 2 |" time="0">
    <system-out><![CDATA[######################################
Clicou no elemento By.id: react-burger-menu-btn
######################################
######################################
Clicou no elemento By.id: logout_sidebar_link
######################################
######################################
######################################
Validou os valores https://www.saucedemo.com/ e https://www.saucedemo.com/
######################################
Validou a url https://www.saucedemo.com/
######################################
]]></system-out>
  </testcase>
  <testcase name="E e feito logout" classname="| 1 | 2 |" time="0">
    <system-out><![CDATA[######################################
Clicou no elemento By.id: react-burger-menu-btn
######################################
######################################
Clicou no elemento By.id: logout_sidebar_link
######################################
######################################
######################################
Validou os valores https://www.saucedemo.com/ e https://www.saucedemo.com/
######################################
Validou a url https://www.saucedemo.com/
######################################
]]></system-out>
  </testcase>
  <testcase name="" classname="| 1 | 2 |" time="0.088">
    <system-out><![CDATA[+++++++++++++
Teste sendo exectadoValidar valores de multiplos itens no carrinho
Status: passed
Tag: [@Item-1, @Id-2, @Carrinho]
+++++++++++++
Teste sendo exectadoValidar valores de multiplos itens no carrinho
Status: passed
Tag: [@Item-1, @Id-2, @Carrinho]
]]></system-out>
  </testcase>
  <testcase name="" classname="| 1 | 2 |" time="0.077">
    <system-out><![CDATA[+++++++++++++
Teste sendo exectadoValidar remocao de itens no carrinho pelo icone
Status: passed
Tag: [@Id-3, @Extra, @Carrinho]
+++++++++++++
Teste sendo exectadoValidar remocao de itens no carrinho pelo icone
Status: passed
Tag: [@Id-3, @Extra, @Carrinho]
]]></system-out>
  </testcase>
  <testcase name="" classname="| 1 | 2 |" time="0.089">
    <system-out><![CDATA[+++++++++++++
Teste sendo exectadoValidar contagem de itens no carrinho pelo icone
Status: passed
Tag: [@Id-4, @Extra, @Carrinho]
+++++++++++++
Teste sendo exectadoValidar contagem de itens no carrinho pelo icone
Status: passed
Tag: [@Id-4, @Extra, @Carrinho]
]]></system-out>
  </testcase>
  <testcase name="Dado que multiplos itens&quot;1&quot; &quot;2&quot; sao adicionados ao carrinho" classname="| 1 | 2 |" time="0">
    <system-out><![CDATA[######################################
Clicou no elemento By.xpath: //div[@class="inventory_item"][1]//button
######################################
######################################
Validou a mensagem Remove
######################################
name item 1 = Sauce Labs Backpack
price item 1 = $29.99
######################################
Clicou no elemento By.xpath: //div[@class="inventory_item"][2]//button
######################################
######################################
Validou a mensagem Remove
######################################
name item 2 = Sauce Labs Bike Light
price item 2 = $9.99
]]></system-out>
  </testcase>
  <testcase name="E o icone do carrinho deve ser alterado com a quantidade de itens" classname="| 1 | 2 |" time="0">
    <system-out><![CDATA[######################################
Validou a mensagem 2
######################################
]]></system-out>
  </testcase>
  <testcase name="Quando o botao remover e clicado" classname="| 1 | 2 |" time="0">
    <system-out><![CDATA[######################################
Clicou no elemento By.id: remove-sauce-labs-backpack
######################################
]]></system-out>
  </testcase>
  <testcase name="Entao o icone do carrinho deve ser subtraido" classname="| 1 | 2 |" time="0">
    <system-out><![CDATA[######################################
Validou a mensagem 1
######################################
]]></system-out>
  </testcase>
  <testcase name="Entao o icone do carrinho deve ser alterado com a quantidade de itens" classname="| 1 | 2 |" time="0">
    <system-out><![CDATA[######################################
Validou a mensagem 2
######################################
]]></system-out>
  </testcase>
  <testcase name="Dado Que eu acessei a aplicacao" classname="| 3 | 4 |" time="0">
    <system-err><![CDATA[1702771941756	Marionette	INFO	Stopped listening on port 62840
Dynamically enable window occlusion 1
JavaScript error: resource://gre/modules/UrlClassifierListManager.sys.mjs, line 720: TypeError: this.tablesData[table] is undefined
1702771942542	geckodriver	INFO	Listening on 127.0.0.1:27074
1702771943023	mozrunner::runner	INFO	Running command: "C:\\Program Files\\Mozilla Firefox\\firefox.exe" "--marionette" "-no-remote" "-profile" "C:\\Users\\lipel\\AppData\\Local\\Temp\\rust_mozprofileaBeSMl"
console.warn: services.settings: Ignoring preference override of remote settings server
console.warn: services.settings: Allow by setting MOZ_REMOTE_SETTINGS_DEVTOOLS=1 in the environment
1702771943282	Marionette	INFO	Marionette enabled
Dynamically enable window occlusion 0
1702771943723	Marionette	INFO	Listening on port 62887
Read port: 62887
1702771943863	RemoteAgent	WARN	TLS certificate errors will be ignored for this session
dez 16, 2023 10:12:25 PM org.openqa.selenium.remote.ProtocolHandshake createSession
INFORMAÇÕES: Detected dialect: W3C
]]></system-err>
  </testcase>
  <testcase name="Dado Que eu acessei a aplicacao" classname="| 3 | 4 |" time="0">
    <system-err><![CDATA[1702771969544	Marionette	INFO	Stopped listening on port 63024
Dynamically enable window occlusion 1
1702771970347	geckodriver	INFO	Listening on 127.0.0.1:11954
1702771970851	mozrunner::runner	INFO	Running command: "C:\\Program Files\\Mozilla Firefox\\firefox.exe" "--marionette" "-no-remote" "-profile" "C:\\Users\\lipel\\AppData\\Local\\Temp\\rust_mozprofileDoIZKH"
console.warn: services.settings: Ignoring preference override of remote settings server
console.warn: services.settings: Allow by setting MOZ_REMOTE_SETTINGS_DEVTOOLS=1 in the environment
1702771971107	Marionette	INFO	Marionette enabled
Dynamically enable window occlusion 0
1702771971551	Marionette	INFO	Listening on port 63067
Read port: 63067
1702771971694	RemoteAgent	WARN	TLS certificate errors will be ignored for this session
dez 16, 2023 10:12:53 PM org.openqa.selenium.remote.ProtocolHandshake createSession
INFORMAÇÕES: Detected dialect: W3C
]]></system-err>
  </testcase>
  <testcase name="Dado Que o usuario efetuou login incluindo &quot;standard_user&quot; e &quot;secret_sauce&quot;" classname="| 3 | 4 |" time="0">
    <system-out><![CDATA[######################################
Preencheu o campo By.id: user-name
######################################
######################################
Preencheu o campo By.id: password
######################################
######################################
Clicou no elemento By.id: login-button
######################################
######################################
######################################
Validou os valores https://www.saucedemo.com/inventory.html e https://www.saucedemo.com/inventory.html
######################################
Validou a url https://www.saucedemo.com/inventory.html
######################################
]]></system-out>
    <system-err><![CDATA[console.warn: LoginRecipes: "Falling back to a synchronous message for: https://www.saucedemo.com."
console.warn: LoginRecipes: "Falling back to a synchronous message for: https://www.saucedemo.com."
]]></system-err>
  </testcase>
  <testcase name="Dado Que o usuario efetuou login incluindo &quot;standard_user&quot; e &quot;secret_sauce&quot;" classname="| 3 | 4 |" time="0">
    <system-out><![CDATA[######################################
Preencheu o campo By.id: user-name
######################################
######################################
Preencheu o campo By.id: password
######################################
######################################
Clicou no elemento By.id: login-button
######################################
######################################
######################################
Validou os valores https://www.saucedemo.com/inventory.html e https://www.saucedemo.com/inventory.html
######################################
Validou a url https://www.saucedemo.com/inventory.html
######################################
]]></system-out>
    <system-err><![CDATA[console.warn: LoginRecipes: "Falling back to a synchronous message for: https://www.saucedemo.com."
console.warn: LoginRecipes: "Falling back to a synchronous message for: https://www.saucedemo.com."
]]></system-err>
  </testcase>
  <testcase name="Quando multiplos itens&quot;3&quot; &quot;4&quot; sao adicionados ao carrinho" classname="| 3 | 4 |" time="0">
    <system-out><![CDATA[######################################
Clicou no elemento By.xpath: //div[@class="inventory_item"][3]//button
######################################
######################################
Validou a mensagem Remove
######################################
name item 1 = Sauce Labs Bolt T-Shirt
price item 1 = $15.99
######################################
Clicou no elemento By.xpath: //div[@class="inventory_item"][4]//button
######################################
######################################
Validou a mensagem Remove
######################################
name item 2 = Sauce Labs Fleece Jacket
price item 2 = $49.99
]]></system-out>
  </testcase>
  <testcase name="Quando multiplos itens&quot;3&quot; &quot;4&quot; sao adicionados ao carrinho" classname="| 3 | 4 |" time="0">
    <system-out><![CDATA[######################################
Clicou no elemento By.xpath: //div[@class="inventory_item"][3]//button
######################################
######################################
Validou a mensagem Remove
######################################
name item 1 = Sauce Labs Bolt T-Shirt
price item 1 = $15.99
######################################
Clicou no elemento By.xpath: //div[@class="inventory_item"][4]//button
######################################
######################################
Validou a mensagem Remove
######################################
name item 2 = Sauce Labs Fleece Jacket
price item 2 = $49.99
]]></system-out>
  </testcase>
  <testcase name="E o carrinho e acessado" classname="| 3 | 4 |" time="0">
    <system-out><![CDATA[######################################
Clicou no elemento By.id: shopping_cart_container
######################################
]]></system-out>
  </testcase>
  <testcase name="Entao os produtos sao adicionados ao carrinho" classname="| 3 | 4 |" time="0">
    <system-out><![CDATA[######################################
Validou a mensagem $15.99
######################################
######################################
Validou a mensagem $49.99
######################################
]]></system-out>
  </testcase>
  <testcase name="E e feito logout" classname="| 3 | 4 |" time="0">
    <system-out><![CDATA[######################################
Clicou no elemento By.id: react-burger-menu-btn
######################################
######################################
Clicou no elemento By.id: logout_sidebar_link
######################################
######################################
######################################
Validou os valores https://www.saucedemo.com/ e https://www.saucedemo.com/
######################################
Validou a url https://www.saucedemo.com/
######################################
]]></system-out>
  </testcase>
  <testcase name="E e feito logout" classname="| 3 | 4 |" time="0">
    <system-out><![CDATA[######################################
Clicou no elemento By.id: react-burger-menu-btn
######################################
######################################
Clicou no elemento By.id: logout_sidebar_link
######################################
######################################
######################################
Validou os valores https://www.saucedemo.com/ e https://www.saucedemo.com/
######################################
Validou a url https://www.saucedemo.com/
######################################
]]></system-out>
  </testcase>
  <testcase name="" classname="| 3 | 4 |" time="0.085">
    <system-out><![CDATA[+++++++++++++
Teste sendo exectadoValidar valores de multiplos itens no carrinho
Status: passed
Tag: [@Item-1, @Id-2, @Carrinho]
+++++++++++++
Teste sendo exectadoValidar valores de multiplos itens no carrinho
Status: passed
Tag: [@Item-1, @Id-2, @Carrinho]
]]></system-out>
  </testcase>
  <testcase name="" classname="| 3 | 4 |" time="0.076">
    <system-out><![CDATA[+++++++++++++
Teste sendo exectadoValidar contagem de itens no carrinho pelo icone
Status: passed
Tag: [@Id-4, @Extra, @Carrinho]
+++++++++++++
Teste sendo exectadoValidar contagem de itens no carrinho pelo icone
Status: passed
Tag: [@Id-4, @Extra, @Carrinho]
]]></system-out>
  </testcase>
  <testcase name="Entao o icone do carrinho deve ser alterado com a quantidade de itens" classname="| 3 | 4 |" time="0">
    <system-out><![CDATA[######################################
Validou a mensagem 2
######################################
]]></system-out>
  </testcase>
  <testcase name="Dado Que eu acessei a aplicacao" classname="| 3 | 1 |" time="0">
    <system-err><![CDATA[1702771956212	Marionette	INFO	Stopped listening on port 62934
Dynamically enable window occlusion 1
1702771957037	geckodriver	INFO	Listening on 127.0.0.1:14857
1702771957550	mozrunner::runner	INFO	Running command: "C:\\Program Files\\Mozilla Firefox\\firefox.exe" "--marionette" "-no-remote" "-profile" "C:\\Users\\lipel\\AppData\\Local\\Temp\\rust_mozprofile481khM"
console.warn: services.settings: Ignoring preference override of remote settings server
console.warn: services.settings: Allow by setting MOZ_REMOTE_SETTINGS_DEVTOOLS=1 in the environment
1702771957836	Marionette	INFO	Marionette enabled
Dynamically enable window occlusion 0
1702771958279	Marionette	INFO	Listening on port 62980
Read port: 62980
1702771958461	RemoteAgent	WARN	TLS certificate errors will be ignored for this session
dez 16, 2023 10:12:39 PM org.openqa.selenium.remote.ProtocolHandshake createSession
INFORMAÇÕES: Detected dialect: W3C
]]></system-err>
  </testcase>
  <testcase name="Dado Que o usuario efetuou login incluindo &quot;standard_user&quot; e &quot;secret_sauce&quot;" classname="| 3 | 1 |" time="0">
    <system-out><![CDATA[######################################
Preencheu o campo By.id: user-name
######################################
######################################
Preencheu o campo By.id: password
######################################
######################################
Clicou no elemento By.id: login-button
######################################
######################################
######################################
Validou os valores https://www.saucedemo.com/inventory.html e https://www.saucedemo.com/inventory.html
######################################
Validou a url https://www.saucedemo.com/inventory.html
######################################
]]></system-out>
    <system-err><![CDATA[console.warn: LoginRecipes: "Falling back to a synchronous message for: https://www.saucedemo.com."
console.warn: LoginRecipes: "Falling back to a synchronous message for: https://www.saucedemo.com."
]]></system-err>
  </testcase>
  <testcase name="Dado que multiplos itens&quot;3&quot; &quot;1&quot; sao adicionados ao carrinho" classname="| 3 | 1 |" time="0">
    <system-out><![CDATA[######################################
Clicou no elemento By.xpath: //div[@class="inventory_item"][3]//button
######################################
######################################
Validou a mensagem Remove
######################################
name item 1 = Sauce Labs Bolt T-Shirt
price item 1 = $15.99
######################################
Clicou no elemento By.xpath: //div[@class="inventory_item"][1]//button
######################################
######################################
Validou a mensagem Remove
######################################
name item 2 = Sauce Labs Backpack
price item 2 = $29.99
]]></system-out>
  </testcase>
  <testcase name="E o icone do carrinho deve ser alterado com a quantidade de itens" classname="| 3 | 1 |" time="0">
    <system-out><![CDATA[######################################
Validou a mensagem 2
######################################
]]></system-out>
  </testcase>
  <testcase name="Quando o botao remover e clicado" classname="| 3 | 1 |" time="0">
    <system-out><![CDATA[######################################
Clicou no elemento By.id: remove-sauce-labs-backpack
######################################
]]></system-out>
  </testcase>
  <testcase name="Entao o icone do carrinho deve ser subtraido" classname="| 3 | 1 |" time="0">
    <system-out><![CDATA[######################################
Validou a mensagem 1
######################################
]]></system-out>
  </testcase>
  <testcase name="E e feito logout" classname="| 3 | 1 |" time="0">
    <system-out><![CDATA[######################################
Clicou no elemento By.id: react-burger-menu-btn
######################################
######################################
Clicou no elemento By.id: logout_sidebar_link
######################################
######################################
######################################
Validou os valores https://www.saucedemo.com/ e https://www.saucedemo.com/
######################################
Validou a url https://www.saucedemo.com/
######################################
]]></system-out>
  </testcase>
  <testcase name="" classname="| 3 | 1 |" time="0.079">
    <system-out><![CDATA[+++++++++++++
Teste sendo exectadoValidar remocao de itens no carrinho pelo icone
Status: passed
Tag: [@Id-3, @Extra, @Carrinho]
+++++++++++++
Teste sendo exectadoValidar remocao de itens no carrinho pelo icone
Status: passed
Tag: [@Id-3, @Extra, @Carrinho]
]]></system-out>
  </testcase>
  <testcase name="Dado Que eu acessei a aplicacao" classname="| 1 | Felipe | Matos | 54400220 |" time="0">
    <system-err><![CDATA[1702771976556	Marionette	INFO	Stopped listening on port 63067
Dynamically enable window occlusion 1
1702771977359	geckodriver	INFO	Listening on 127.0.0.1:23611
1702771977855	mozrunner::runner	INFO	Running command: "C:\\Program Files\\Mozilla Firefox\\firefox.exe" "--marionette" "-no-remote" "-profile" "C:\\Users\\lipel\\AppData\\Local\\Temp\\rust_mozprofilewtkKIv"
console.warn: services.settings: Ignoring preference override of remote settings server
console.warn: services.settings: Allow by setting MOZ_REMOTE_SETTINGS_DEVTOOLS=1 in the environment
1702771978109	Marionette	INFO	Marionette enabled
Dynamically enable window occlusion 0
1702771978562	Marionette	INFO	Listening on port 63111
Read port: 63111
1702771978714	RemoteAgent	WARN	TLS certificate errors will be ignored for this session
dez 16, 2023 10:12:59 PM org.openqa.selenium.remote.ProtocolHandshake createSession
INFORMAÇÕES: Detected dialect: W3C
]]></system-err>
  </testcase>
  <testcase name="Dado Que o usuario efetuou login incluindo &quot;standard_user&quot; e &quot;secret_sauce&quot;" classname="| 1 | Felipe | Matos | 54400220 |" time="0">
    <system-out><![CDATA[######################################
Preencheu o campo By.id: user-name
######################################
######################################
Preencheu o campo By.id: password
######################################
######################################
Clicou no elemento By.id: login-button
######################################
######################################
######################################
Validou os valores https://www.saucedemo.com/inventory.html e https://www.saucedemo.com/inventory.html
######################################
Validou a url https://www.saucedemo.com/inventory.html
######################################
]]></system-out>
    <system-err><![CDATA[console.warn: LoginRecipes: "Falling back to a synchronous message for: https://www.saucedemo.com."
console.warn: LoginRecipes: "Falling back to a synchronous message for: https://www.saucedemo.com."
]]></system-err>
  </testcase>
  <testcase name="E selecionou um produto &quot;1&quot;" classname="| 1 | Felipe | Matos | 54400220 |" time="0">
    <system-out><![CDATA[######################################
Clicou no elemento By.xpath: //div[@class="inventory_item"][1]//button
######################################
######################################
Validou a mensagem Remove
######################################
name item 1 = Sauce Labs Backpack
price item 1 = $29.99
######################################
Clicou no elemento By.id: shopping_cart_container
######################################
######################################
Validou a mensagem Sauce Labs Backpack
######################################
######################################
Validou a mensagem $29.99
######################################
######################################
Clicou no elemento By.id: checkout
######################################
]]></system-out>
  </testcase>
  <testcase name="Quando feito o checkout e preenchido &quot;Felipe&quot; &quot;Matos&quot; &quot;54400220&quot;" classname="| 1 | Felipe | Matos | 54400220 |" time="0">
    <system-out><![CDATA[######################################
Preencheu o campo By.id: first-name
######################################
######################################
Preencheu o campo By.id: last-name
######################################
######################################
Preencheu o campo By.id: postal-code
######################################
######################################
Clicou no elemento By.id: continue
######################################
]]></system-out>
  </testcase>
  <testcase name="E as informacoes de checkou sao exibidas" classname="| 1 | Felipe | Matos | 54400220 |" time="0">
    <system-out><![CDATA[######################################
Validou a mensagem Sauce Labs Backpack
######################################
######################################
Validou os valores 32.39 e 32.39
######################################
]]></system-out>
  </testcase>
  <testcase name="E clicado em Finish" classname="| 1 | Felipe | Matos | 54400220 |" time="0">
    <system-out><![CDATA[######################################
Clicou no elemento By.id: finish
######################################
]]></system-out>
  </testcase>
  <testcase name="Entao a compra e efetuada" classname="| 1 | Felipe | Matos | 54400220 |" time="0">
    <system-out><![CDATA[######################################
######################################
Validou os valores https://www.saucedemo.com/checkout-complete.html e https://www.saucedemo.com/checkout-complete.html
######################################
Validou a url https://www.saucedemo.com/checkout-complete.html
######################################
######################################
Validou a mensagem Checkout: Complete!
######################################
######################################
Validou a mensagem Thank you for your order!
######################################
######################################
Validou a mensagem Your order has been dispatched, and will arrive just as fast as the pony can get there!
######################################
]]></system-out>
  </testcase>
  <testcase name="E e feito logout" classname="| 1 | Felipe | Matos | 54400220 |" time="0">
    <system-out><![CDATA[######################################
Clicou no elemento By.id: react-burger-menu-btn
######################################
######################################
Clicou no elemento By.id: logout_sidebar_link
######################################
######################################
######################################
Validou os valores https://www.saucedemo.com/ e https://www.saucedemo.com/
######################################
Validou a url https://www.saucedemo.com/
######################################
]]></system-out>
  </testcase>
  <testcase name="" classname="| 1 | Felipe | Matos | 54400220 |" time="0.085">
    <system-out><![CDATA[+++++++++++++
Teste sendo exectado: Efetuar compra e validar valor total
Status: passed
Tag: [@Item-2, @Id-5, @Compra]
+++++++++++++
Teste sendo exectado: Efetuar compra e validar valor total
Status: passed
Tag: [@Item-2, @Id-5, @Compra]
]]></system-out>
  </testcase>
  <testcase name="Dado Que eu acessei a aplicacao" classname="| 2 | Filomena | Eduarda | 44455221 |" time="0">
    <system-err><![CDATA[1702771984518	Marionette	INFO	Stopped listening on port 63111
Dynamically enable window occlusion 1
1702771985328	geckodriver	INFO	Listening on 127.0.0.1:5190
1702771985810	mozrunner::runner	INFO	Running command: "C:\\Program Files\\Mozilla Firefox\\firefox.exe" "--marionette" "-no-remote" "-profile" "C:\\Users\\lipel\\AppData\\Local\\Temp\\rust_mozprofilejM61nQ"
console.warn: services.settings: Ignoring preference override of remote settings server
console.warn: services.settings: Allow by setting MOZ_REMOTE_SETTINGS_DEVTOOLS=1 in the environment
1702771986061	Marionette	INFO	Marionette enabled
Dynamically enable window occlusion 0
1702771986513	Marionette	INFO	Listening on port 63159
Read port: 63159
1702771986660	RemoteAgent	WARN	TLS certificate errors will be ignored for this session
dez 16, 2023 10:13:07 PM org.openqa.selenium.remote.ProtocolHandshake createSession
INFORMAÇÕES: Detected dialect: W3C
]]></system-err>
  </testcase>
  <testcase name="Dado Que o usuario efetuou login incluindo &quot;standard_user&quot; e &quot;secret_sauce&quot;" classname="| 2 | Filomena | Eduarda | 44455221 |" time="0">
    <system-out><![CDATA[######################################
Preencheu o campo By.id: user-name
######################################
######################################
Preencheu o campo By.id: password
######################################
######################################
Clicou no elemento By.id: login-button
######################################
######################################
######################################
Validou os valores https://www.saucedemo.com/inventory.html e https://www.saucedemo.com/inventory.html
######################################
Validou a url https://www.saucedemo.com/inventory.html
######################################
]]></system-out>
    <system-err><![CDATA[console.warn: LoginRecipes: "Falling back to a synchronous message for: https://www.saucedemo.com."
console.warn: LoginRecipes: "Falling back to a synchronous message for: https://www.saucedemo.com."
]]></system-err>
  </testcase>
  <testcase name="E selecionou um produto &quot;2&quot;" classname="| 2 | Filomena | Eduarda | 44455221 |" time="0">
    <system-out><![CDATA[######################################
Clicou no elemento By.xpath: //div[@class="inventory_item"][2]//button
######################################
######################################
Validou a mensagem Remove
######################################
name item 1 = Sauce Labs Bike Light
price item 1 = $9.99
######################################
Clicou no elemento By.id: shopping_cart_container
######################################
######################################
Validou a mensagem Sauce Labs Bike Light
######################################
######################################
Validou a mensagem $9.99
######################################
######################################
Clicou no elemento By.id: checkout
######################################
]]></system-out>
  </testcase>
  <testcase name="Quando feito o checkout e preenchido &quot;Filomena&quot; &quot;Eduarda&quot; &quot;44455221&quot;" classname="| 2 | Filomena | Eduarda | 44455221 |" time="0">
    <system-out><![CDATA[######################################
Preencheu o campo By.id: first-name
######################################
######################################
Preencheu o campo By.id: last-name
######################################
######################################
Preencheu o campo By.id: postal-code
######################################
######################################
Clicou no elemento By.id: continue
######################################
]]></system-out>
  </testcase>
  <testcase name="E as informacoes de checkou sao exibidas" classname="| 2 | Filomena | Eduarda | 44455221 |" time="0">
    <system-out><![CDATA[######################################
Validou a mensagem Sauce Labs Bike Light
######################################
######################################
Validou os valores 10.79 e 10.79
######################################
]]></system-out>
  </testcase>
  <testcase name="E clicado em Finish" classname="| 2 | Filomena | Eduarda | 44455221 |" time="0">
    <system-out><![CDATA[######################################
Clicou no elemento By.id: finish
######################################
]]></system-out>
  </testcase>
  <testcase name="Entao a compra e efetuada" classname="| 2 | Filomena | Eduarda | 44455221 |" time="0">
    <system-out><![CDATA[######################################
######################################
Validou os valores https://www.saucedemo.com/checkout-complete.html e https://www.saucedemo.com/checkout-complete.html
######################################
Validou a url https://www.saucedemo.com/checkout-complete.html
######################################
######################################
Validou a mensagem Checkout: Complete!
######################################
######################################
Validou a mensagem Thank you for your order!
######################################
######################################
Validou a mensagem Your order has been dispatched, and will arrive just as fast as the pony can get there!
######################################
]]></system-out>
  </testcase>
  <testcase name="E e feito logout" classname="| 2 | Filomena | Eduarda | 44455221 |" time="0">
    <system-out><![CDATA[######################################
Clicou no elemento By.id: react-burger-menu-btn
######################################
######################################
Clicou no elemento By.id: logout_sidebar_link
######################################
######################################
######################################
Validou os valores https://www.saucedemo.com/ e https://www.saucedemo.com/
######################################
Validou a url https://www.saucedemo.com/
######################################
]]></system-out>
  </testcase>
  <testcase name="" classname="| 2 | Filomena | Eduarda | 44455221 |" time="0.079">
    <system-out><![CDATA[+++++++++++++
Teste sendo exectado: Efetuar compra e validar valor total
Status: passed
Tag: [@Item-2, @Id-5, @Compra]
+++++++++++++
Teste sendo exectado: Efetuar compra e validar valor total
Status: passed
Tag: [@Item-2, @Id-5, @Compra]
]]></system-out>
  </testcase>
  <testcase name="Dado Que eu acessei a aplicacao" classname="| 3 | Filomena | Juquinha | 44455222 |" time="0">
    <system-err><![CDATA[1702771992678	Marionette	INFO	Stopped listening on port 63159
Dynamically enable window occlusion 1
1702771993428	geckodriver	INFO	Listening on 127.0.0.1:45291
1702771993934	mozrunner::runner	INFO	Running command: "C:\\Program Files\\Mozilla Firefox\\firefox.exe" "--marionette" "-no-remote" "-profile" "C:\\Users\\lipel\\AppData\\Local\\Temp\\rust_mozprofileh6dvWF"
console.warn: services.settings: Ignoring preference override of remote settings server
console.warn: services.settings: Allow by setting MOZ_REMOTE_SETTINGS_DEVTOOLS=1 in the environment
1702771994203	Marionette	INFO	Marionette enabled
Dynamically enable window occlusion 0
1702771994652	Marionette	INFO	Listening on port 63205
Read port: 63205
1702771994799	RemoteAgent	WARN	TLS certificate errors will be ignored for this session
dez 16, 2023 10:13:15 PM org.openqa.selenium.remote.ProtocolHandshake createSession
INFORMAÇÕES: Detected dialect: W3C
]]></system-err>
  </testcase>
  <testcase name="Dado Que o usuario efetuou login incluindo &quot;standard_user&quot; e &quot;secret_sauce&quot;" classname="| 3 | Filomena | Juquinha | 44455222 |" time="0">
    <system-out><![CDATA[######################################
Preencheu o campo By.id: user-name
######################################
######################################
Preencheu o campo By.id: password
######################################
######################################
Clicou no elemento By.id: login-button
######################################
######################################
######################################
Validou os valores https://www.saucedemo.com/inventory.html e https://www.saucedemo.com/inventory.html
######################################
Validou a url https://www.saucedemo.com/inventory.html
######################################
]]></system-out>
    <system-err><![CDATA[console.warn: LoginRecipes: "Falling back to a synchronous message for: https://www.saucedemo.com."
console.warn: LoginRecipes: "Falling back to a synchronous message for: https://www.saucedemo.com."
]]></system-err>
  </testcase>
  <testcase name="E selecionou um produto &quot;3&quot;" classname="| 3 | Filomena | Juquinha | 44455222 |" time="0">
    <system-out><![CDATA[######################################
Clicou no elemento By.xpath: //div[@class="inventory_item"][3]//button
######################################
######################################
Validou a mensagem Remove
######################################
name item 1 = Sauce Labs Bolt T-Shirt
price item 1 = $15.99
######################################
Clicou no elemento By.id: shopping_cart_container
######################################
######################################
Validou a mensagem Sauce Labs Bolt T-Shirt
######################################
######################################
Validou a mensagem $15.99
######################################
######################################
Clicou no elemento By.id: checkout
######################################
]]></system-out>
  </testcase>
  <testcase name="Quando feito o checkout e preenchido &quot;Filomena&quot; &quot;Juquinha&quot; &quot;44455222&quot;" classname="| 3 | Filomena | Juquinha | 44455222 |" time="0">
    <system-out><![CDATA[######################################
Preencheu o campo By.id: first-name
######################################
######################################
Preencheu o campo By.id: last-name
######################################
######################################
Preencheu o campo By.id: postal-code
######################################
######################################
Clicou no elemento By.id: continue
######################################
]]></system-out>
  </testcase>
  <testcase name="E as informacoes de checkou sao exibidas" classname="| 3 | Filomena | Juquinha | 44455222 |" time="0">
    <system-out><![CDATA[######################################
Validou a mensagem Sauce Labs Bolt T-Shirt
######################################
######################################
Validou os valores 17.27 e 17.27
######################################
]]></system-out>
  </testcase>
  <testcase name="E clicado em Finish" classname="| 3 | Filomena | Juquinha | 44455222 |" time="0">
    <system-out><![CDATA[######################################
Clicou no elemento By.id: finish
######################################
]]></system-out>
  </testcase>
  <testcase name="Entao a compra e efetuada" classname="| 3 | Filomena | Juquinha | 44455222 |" time="0">
    <system-out><![CDATA[######################################
######################################
Validou os valores https://www.saucedemo.com/checkout-complete.html e https://www.saucedemo.com/checkout-complete.html
######################################
Validou a url https://www.saucedemo.com/checkout-complete.html
######################################
######################################
Validou a mensagem Checkout: Complete!
######################################
######################################
Validou a mensagem Thank you for your order!
######################################
######################################
Validou a mensagem Your order has been dispatched, and will arrive just as fast as the pony can get there!
######################################
]]></system-out>
  </testcase>
  <testcase name="E e feito logout" classname="| 3 | Filomena | Juquinha | 44455222 |" time="0">
    <system-out><![CDATA[######################################
Clicou no elemento By.id: react-burger-menu-btn
######################################
######################################
Clicou no elemento By.id: logout_sidebar_link
######################################
######################################
######################################
Validou os valores https://www.saucedemo.com/ e https://www.saucedemo.com/
######################################
Validou a url https://www.saucedemo.com/
######################################
]]></system-out>
  </testcase>
  <testcase name="" classname="| 3 | Filomena | Juquinha | 44455222 |" time="0.083">
    <system-out><![CDATA[+++++++++++++
Teste sendo exectado: Efetuar compra e validar valor total
Status: passed
Tag: [@Item-2, @Id-5, @Compra]
+++++++++++++
Teste sendo exectado: Efetuar compra e validar valor total
Status: passed
Tag: [@Item-2, @Id-5, @Compra]
]]></system-out>
  </testcase>
  <testcase name="Dado Que eu acessei a aplicacao" classname="| standard_user | secret_sauce | 4 | Felipe | Matos | 54400220 |" time="0">
    <system-err><![CDATA[1702772000519	Marionette	INFO	Stopped listening on port 63205
Dynamically enable window occlusion 1
1702772001317	geckodriver	INFO	Listening on 127.0.0.1:43963
1702772001820	mozrunner::runner	INFO	Running command: "C:\\Program Files\\Mozilla Firefox\\firefox.exe" "--marionette" "-no-remote" "-profile" "C:\\Users\\lipel\\AppData\\Local\\Temp\\rust_mozprofilettWQPJ"
console.warn: services.settings: Ignoring preference override of remote settings server
console.warn: services.settings: Allow by setting MOZ_REMOTE_SETTINGS_DEVTOOLS=1 in the environment
1702772002087	Marionette	INFO	Marionette enabled
Dynamically enable window occlusion 0
1702772002537	Marionette	INFO	Listening on port 63253
Read port: 63253
1702772002679	RemoteAgent	WARN	TLS certificate errors will be ignored for this session
dez 16, 2023 10:13:23 PM org.openqa.selenium.remote.ProtocolHandshake createSession
INFORMAÇÕES: Detected dialect: W3C
]]></system-err>
  </testcase>
  <testcase name="Dado Que o usuario efetuou login incluindo &quot;standard_user&quot; e &quot;secret_sauce&quot;" classname="| standard_user | secret_sauce | 4 | Felipe | Matos | 54400220 |" time="0">
    <system-out><![CDATA[######################################
Preencheu o campo By.id: user-name
######################################
######################################
Preencheu o campo By.id: password
######################################
######################################
Clicou no elemento By.id: login-button
######################################
######################################
######################################
Validou os valores https://www.saucedemo.com/inventory.html e https://www.saucedemo.com/inventory.html
######################################
Validou a url https://www.saucedemo.com/inventory.html
######################################
]]></system-out>
    <system-err><![CDATA[console.warn: LoginRecipes: "Falling back to a synchronous message for: https://www.saucedemo.com."
console.warn: LoginRecipes: "Falling back to a synchronous message for: https://www.saucedemo.com."
]]></system-err>
  </testcase>
  <testcase name="E selecionou um produto &quot;4&quot;" classname="| standard_user | secret_sauce | 4 | Felipe | Matos | 54400220 |" time="0">
    <system-out><![CDATA[######################################
Clicou no elemento By.xpath: //div[@class="inventory_item"][4]//button
######################################
######################################
Validou a mensagem Remove
######################################
name item 1 = Sauce Labs Fleece Jacket
price item 1 = $49.99
######################################
Clicou no elemento By.id: shopping_cart_container
######################################
######################################
Validou a mensagem Sauce Labs Fleece Jacket
######################################
######################################
Validou a mensagem $49.99
######################################
######################################
Clicou no elemento By.id: checkout
######################################
]]></system-out>
  </testcase>
  <testcase name="Quando feito o checkout e preenchido &quot;Felipe&quot; &quot;Matos&quot; &quot;54400220&quot;" classname="| standard_user | secret_sauce | 4 | Felipe | Matos | 54400220 |" time="0">
    <system-out><![CDATA[######################################
Preencheu o campo By.id: first-name
######################################
######################################
Preencheu o campo By.id: last-name
######################################
######################################
Preencheu o campo By.id: postal-code
######################################
######################################
Clicou no elemento By.id: continue
######################################
]]></system-out>
  </testcase>
  <testcase name="E as informacoes de checkou sao exibidas" classname="| standard_user | secret_sauce | 4 | Felipe | Matos | 54400220 |" time="0">
    <system-out><![CDATA[######################################
Validou a mensagem Sauce Labs Fleece Jacket
######################################
######################################
Validou os valores 53.99 e 53.99
######################################
]]></system-out>
  </testcase>
  <testcase name="E clicado em Finish" classname="| standard_user | secret_sauce | 4 | Felipe | Matos | 54400220 |" time="0.001">
    <system-out><![CDATA[######################################
Clicou no elemento By.id: finish
######################################
]]></system-out>
  </testcase>
  <testcase name="Entao a compra e efetuada" classname="| standard_user | secret_sauce | 4 | Felipe | Matos | 54400220 |" time="0">
    <system-out><![CDATA[######################################
######################################
Validou os valores https://www.saucedemo.com/checkout-complete.html e https://www.saucedemo.com/checkout-complete.html
######################################
Validou a url https://www.saucedemo.com/checkout-complete.html
######################################
######################################
Validou a mensagem Checkout: Complete!
######################################
######################################
Validou a mensagem Thank you for your order!
######################################
######################################
Validou a mensagem Your order has been dispatched, and will arrive just as fast as the pony can get there!
######################################
]]></system-out>
  </testcase>
  <testcase name="E e feito logout" classname="| standard_user | secret_sauce | 4 | Felipe | Matos | 54400220 |" time="0">
    <system-out><![CDATA[######################################
Clicou no elemento By.id: react-burger-menu-btn
######################################
######################################
Clicou no elemento By.id: logout_sidebar_link
######################################
######################################
######################################
Validou os valores https://www.saucedemo.com/ e https://www.saucedemo.com/
######################################
Validou a url https://www.saucedemo.com/
######################################
]]></system-out>
  </testcase>
  <testcase name="" classname="| standard_user | secret_sauce | 4 | Felipe | Matos | 54400220 |" time="0.085">
    <system-out><![CDATA[+++++++++++++
Teste sendo exectado: Efetuar compra com multiplos usuarios com fluxo nao impeditivo e validar valor total
Status: passed
Tag: [@Compra-multi-user, @Item-4, @Id-6]
+++++++++++++
Teste sendo exectado: Efetuar compra com multiplos usuarios com fluxo nao impeditivo e validar valor total
Status: passed
Tag: [@Compra-multi-user, @Item-4, @Id-6]
]]></system-out>
  </testcase>
  <testcase name="Dado Que eu acessei a aplicacao" classname="| standard_user | secret_sauce | 3 | Eduardo | Vicente | 54376450 |" time="0">
    <system-err><![CDATA[1702772008718	Marionette	INFO	Stopped listening on port 63253
Dynamically enable window occlusion 1
1702772009489	geckodriver	INFO	Listening on 127.0.0.1:38824
1702772009980	mozrunner::runner	INFO	Running command: "C:\\Program Files\\Mozilla Firefox\\firefox.exe" "--marionette" "-no-remote" "-profile" "C:\\Users\\lipel\\AppData\\Local\\Temp\\rust_mozprofilexhQb8B"
console.warn: services.settings: Ignoring preference override of remote settings server
console.warn: services.settings: Allow by setting MOZ_REMOTE_SETTINGS_DEVTOOLS=1 in the environment
1702772010244	Marionette	INFO	Marionette enabled
Dynamically enable window occlusion 0
1702772010688	Marionette	INFO	Listening on port 63302
Read port: 63302
1702772010829	RemoteAgent	WARN	TLS certificate errors will be ignored for this session
dez 16, 2023 10:13:32 PM org.openqa.selenium.remote.ProtocolHandshake createSession
INFORMAÇÕES: Detected dialect: W3C
]]></system-err>
  </testcase>
  <testcase name="Dado Que o usuario efetuou login incluindo &quot;standard_user&quot; e &quot;secret_sauce&quot;" classname="| standard_user | secret_sauce | 3 | Eduardo | Vicente | 54376450 |" time="0">
    <system-out><![CDATA[######################################
Preencheu o campo By.id: user-name
######################################
######################################
Preencheu o campo By.id: password
######################################
######################################
Clicou no elemento By.id: login-button
######################################
######################################
######################################
Validou os valores https://www.saucedemo.com/inventory.html e https://www.saucedemo.com/inventory.html
######################################
Validou a url https://www.saucedemo.com/inventory.html
######################################
]]></system-out>
    <system-err><![CDATA[console.warn: LoginRecipes: "Falling back to a synchronous message for: https://www.saucedemo.com."
console.warn: LoginRecipes: "Falling back to a synchronous message for: https://www.saucedemo.com."
]]></system-err>
  </testcase>
  <testcase name="E selecionou um produto &quot;3&quot;" classname="| standard_user | secret_sauce | 3 | Eduardo | Vicente | 54376450 |" time="0">
    <system-out><![CDATA[######################################
Clicou no elemento By.xpath: //div[@class="inventory_item"][3]//button
######################################
######################################
Validou a mensagem Remove
######################################
name item 1 = Sauce Labs Bolt T-Shirt
price item 1 = $15.99
######################################
Clicou no elemento By.id: shopping_cart_container
######################################
######################################
Validou a mensagem Sauce Labs Bolt T-Shirt
######################################
######################################
Validou a mensagem $15.99
######################################
######################################
Clicou no elemento By.id: checkout
######################################
]]></system-out>
  </testcase>
  <testcase name="Quando feito o checkout e preenchido &quot;Eduardo&quot; &quot;Vicente&quot; &quot;54376450&quot;" classname="| standard_user | secret_sauce | 3 | Eduardo | Vicente | 54376450 |" time="0.001">
    <system-out><![CDATA[######################################
Preencheu o campo By.id: first-name
######################################
######################################
Preencheu o campo By.id: last-name
######################################
######################################
Preencheu o campo By.id: postal-code
######################################
######################################
Clicou no elemento By.id: continue
######################################
]]></system-out>
  </testcase>
  <testcase name="E as informacoes de checkou sao exibidas" classname="| standard_user | secret_sauce | 3 | Eduardo | Vicente | 54376450 |" time="0">
    <system-out><![CDATA[######################################
Validou a mensagem Sauce Labs Bolt T-Shirt
######################################
######################################
Validou os valores 17.27 e 17.27
######################################
]]></system-out>
  </testcase>
  <testcase name="E clicado em Finish" classname="| standard_user | secret_sauce | 3 | Eduardo | Vicente | 54376450 |" time="0">
    <system-out><![CDATA[######################################
Clicou no elemento By.id: finish
######################################
]]></system-out>
  </testcase>
  <testcase name="Entao a compra e efetuada" classname="| standard_user | secret_sauce | 3 | Eduardo | Vicente | 54376450 |" time="0">
    <system-out><![CDATA[######################################
######################################
Validou os valores https://www.saucedemo.com/checkout-complete.html e https://www.saucedemo.com/checkout-complete.html
######################################
Validou a url https://www.saucedemo.com/checkout-complete.html
######################################
######################################
Validou a mensagem Checkout: Complete!
######################################
######################################
Validou a mensagem Thank you for your order!
######################################
######################################
Validou a mensagem Your order has been dispatched, and will arrive just as fast as the pony can get there!
######################################
]]></system-out>
  </testcase>
  <testcase name="E e feito logout" classname="| standard_user | secret_sauce | 3 | Eduardo | Vicente | 54376450 |" time="0">
    <system-out><![CDATA[######################################
Clicou no elemento By.id: react-burger-menu-btn
######################################
######################################
Clicou no elemento By.id: logout_sidebar_link
######################################
######################################
######################################
Validou os valores https://www.saucedemo.com/ e https://www.saucedemo.com/
######################################
Validou a url https://www.saucedemo.com/
######################################
]]></system-out>
  </testcase>
  <testcase name="" classname="| standard_user | secret_sauce | 3 | Eduardo | Vicente | 54376450 |" time="0.079">
    <system-out><![CDATA[+++++++++++++
Teste sendo exectado: Efetuar compra com multiplos usuarios com fluxo nao impeditivo e validar valor total
Status: passed
Tag: [@Compra-multi-user, @Item-4, @Id-6]
+++++++++++++
Teste sendo exectado: Efetuar compra com multiplos usuarios com fluxo nao impeditivo e validar valor total
Status: passed
Tag: [@Compra-multi-user, @Item-4, @Id-6]
]]></system-out>
  </testcase>
  <testcase name="Dado Que eu acessei a aplicacao" classname="| performance_glitch_user | secret_sauce | 2 | Filomena | Santos | 56675220 |" time="0">
    <system-err><![CDATA[1702772016873	Marionette	INFO	Stopped listening on port 63302
Dynamically enable window occlusion 1
1702772017709	geckodriver	INFO	Listening on 127.0.0.1:2596
1702772018201	mozrunner::runner	INFO	Running command: "C:\\Program Files\\Mozilla Firefox\\firefox.exe" "--marionette" "-no-remote" "-profile" "C:\\Users\\lipel\\AppData\\Local\\Temp\\rust_mozprofilepWWLVJ"
console.warn: services.settings: Ignoring preference override of remote settings server
console.warn: services.settings: Allow by setting MOZ_REMOTE_SETTINGS_DEVTOOLS=1 in the environment
1702772018469	Marionette	INFO	Marionette enabled
Dynamically enable window occlusion 0
1702772018918	Marionette	INFO	Listening on port 63350
Read port: 63350
1702772019060	RemoteAgent	WARN	TLS certificate errors will be ignored for this session
dez 16, 2023 10:13:40 PM org.openqa.selenium.remote.ProtocolHandshake createSession
INFORMAÇÕES: Detected dialect: W3C
]]></system-err>
  </testcase>
  <testcase name="Dado Que o usuario efetuou login incluindo &quot;performance_glitch_user&quot; e &quot;secret_sauce&quot;" classname="| performance_glitch_user | secret_sauce | 2 | Filomena | Santos | 56675220 |" time="0">
    <system-out><![CDATA[######################################
Preencheu o campo By.id: user-name
######################################
######################################
Preencheu o campo By.id: password
######################################
######################################
Clicou no elemento By.id: login-button
######################################
######################################
######################################
Validou os valores https://www.saucedemo.com/inventory.html e https://www.saucedemo.com/inventory.html
######################################
Validou a url https://www.saucedemo.com/inventory.html
######################################
]]></system-out>
    <system-err><![CDATA[console.warn: LoginRecipes: "Falling back to a synchronous message for: https://www.saucedemo.com."
console.warn: LoginRecipes: "Falling back to a synchronous message for: https://www.saucedemo.com."
]]></system-err>
  </testcase>
  <testcase name="E selecionou um produto &quot;2&quot;" classname="| performance_glitch_user | secret_sauce | 2 | Filomena | Santos | 56675220 |" time="0">
    <system-out><![CDATA[######################################
Clicou no elemento By.xpath: //div[@class="inventory_item"][2]//button
######################################
######################################
Validou a mensagem Remove
######################################
name item 1 = Sauce Labs Bike Light
price item 1 = $9.99
######################################
Clicou no elemento By.id: shopping_cart_container
######################################
######################################
Validou a mensagem Sauce Labs Bike Light
######################################
######################################
Validou a mensagem $9.99
######################################
######################################
Clicou no elemento By.id: checkout
######################################
]]></system-out>
  </testcase>
  <testcase name="Quando feito o checkout e preenchido &quot;Filomena&quot; &quot;Santos&quot; &quot;56675220&quot;" classname="| performance_glitch_user | secret_sauce | 2 | Filomena | Santos | 56675220 |" time="0">
    <system-out><![CDATA[######################################
Preencheu o campo By.id: first-name
######################################
######################################
Preencheu o campo By.id: last-name
######################################
######################################
Preencheu o campo By.id: postal-code
######################################
######################################
Clicou no elemento By.id: continue
######################################
]]></system-out>
  </testcase>
  <testcase name="E as informacoes de checkou sao exibidas" classname="| performance_glitch_user | secret_sauce | 2 | Filomena | Santos | 56675220 |" time="0">
    <system-out><![CDATA[######################################
Validou a mensagem Sauce Labs Bike Light
######################################
######################################
Validou os valores 10.79 e 10.79
######################################
]]></system-out>
  </testcase>
  <testcase name="E clicado em Finish" classname="| performance_glitch_user | secret_sauce | 2 | Filomena | Santos | 56675220 |" time="0">
    <system-out><![CDATA[######################################
Clicou no elemento By.id: finish
######################################
]]></system-out>
  </testcase>
  <testcase name="Entao a compra e efetuada" classname="| performance_glitch_user | secret_sauce | 2 | Filomena | Santos | 56675220 |" time="0">
    <system-out><![CDATA[######################################
######################################
Validou os valores https://www.saucedemo.com/checkout-complete.html e https://www.saucedemo.com/checkout-complete.html
######################################
Validou a url https://www.saucedemo.com/checkout-complete.html
######################################
######################################
Validou a mensagem Checkout: Complete!
######################################
######################################
Validou a mensagem Thank you for your order!
######################################
######################################
Validou a mensagem Your order has been dispatched, and will arrive just as fast as the pony can get there!
######################################
]]></system-out>
  </testcase>
  <testcase name="E e feito logout" classname="| performance_glitch_user | secret_sauce | 2 | Filomena | Santos | 56675220 |" time="0">
    <system-out><![CDATA[######################################
Clicou no elemento By.id: react-burger-menu-btn
######################################
######################################
Clicou no elemento By.id: logout_sidebar_link
######################################
######################################
######################################
Validou os valores https://www.saucedemo.com/ e https://www.saucedemo.com/
######################################
Validou a url https://www.saucedemo.com/
######################################
]]></system-out>
  </testcase>
  <testcase name="" classname="| performance_glitch_user | secret_sauce | 2 | Filomena | Santos | 56675220 |" time="0.082">
    <system-out><![CDATA[+++++++++++++
Teste sendo exectado: Efetuar compra com multiplos usuarios com fluxo nao impeditivo e validar valor total
Status: passed
Tag: [@Compra-multi-user, @Item-4, @Id-6]
+++++++++++++
Teste sendo exectado: Efetuar compra com multiplos usuarios com fluxo nao impeditivo e validar valor total
Status: passed
Tag: [@Compra-multi-user, @Item-4, @Id-6]
]]></system-out>
  </testcase>
  <testcase name="Dado Que eu acessei a aplicacao" classname="| performance_glitch_user | secret_sauce | 4 | Eduardo | Claudio | 54377750 |" time="0">
    <system-err><![CDATA[1702772030093	Marionette	INFO	Stopped listening on port 63350
Dynamically enable window occlusion 1
1702772030854	geckodriver	INFO	Listening on 127.0.0.1:30028
1702772031359	mozrunner::runner	INFO	Running command: "C:\\Program Files\\Mozilla Firefox\\firefox.exe" "--marionette" "-no-remote" "-profile" "C:\\Users\\lipel\\AppData\\Local\\Temp\\rust_mozprofile4cmldO"
console.warn: services.settings: Ignoring preference override of remote settings server
console.warn: services.settings: Allow by setting MOZ_REMOTE_SETTINGS_DEVTOOLS=1 in the environment
1702772031615	Marionette	INFO	Marionette enabled
Dynamically enable window occlusion 0
1702772032058	Marionette	INFO	Listening on port 63397
Read port: 63397
1702772032211	RemoteAgent	WARN	TLS certificate errors will be ignored for this session
dez 16, 2023 10:13:53 PM org.openqa.selenium.remote.ProtocolHandshake createSession
INFORMAÇÕES: Detected dialect: W3C
]]></system-err>
  </testcase>
  <testcase name="Dado Que o usuario efetuou login incluindo &quot;performance_glitch_user&quot; e &quot;secret_sauce&quot;" classname="| performance_glitch_user | secret_sauce | 4 | Eduardo | Claudio | 54377750 |" time="0">
    <system-out><![CDATA[######################################
Preencheu o campo By.id: user-name
######################################
######################################
Preencheu o campo By.id: password
######################################
######################################
Clicou no elemento By.id: login-button
######################################
######################################
######################################
Validou os valores https://www.saucedemo.com/inventory.html e https://www.saucedemo.com/inventory.html
######################################
Validou a url https://www.saucedemo.com/inventory.html
######################################
]]></system-out>
    <system-err><![CDATA[console.warn: LoginRecipes: "Falling back to a synchronous message for: https://www.saucedemo.com."
console.warn: LoginRecipes: "Falling back to a synchronous message for: https://www.saucedemo.com."
]]></system-err>
  </testcase>
  <testcase name="E selecionou um produto &quot;4&quot;" classname="| performance_glitch_user | secret_sauce | 4 | Eduardo | Claudio | 54377750 |" time="0">
    <system-out><![CDATA[######################################
Clicou no elemento By.xpath: //div[@class="inventory_item"][4]//button
######################################
######################################
Validou a mensagem Remove
######################################
name item 1 = Sauce Labs Fleece Jacket
price item 1 = $49.99
######################################
Clicou no elemento By.id: shopping_cart_container
######################################
######################################
Validou a mensagem Sauce Labs Fleece Jacket
######################################
######################################
Validou a mensagem $49.99
######################################
######################################
Clicou no elemento By.id: checkout
######################################
]]></system-out>
  </testcase>
  <testcase name="Quando feito o checkout e preenchido &quot;Eduardo&quot; &quot;Claudio&quot; &quot;54377750&quot;" classname="| performance_glitch_user | secret_sauce | 4 | Eduardo | Claudio | 54377750 |" time="0">
    <system-out><![CDATA[######################################
[...]
console.warn: services.settings: Ignoring preference override of remote settings server
console.warn: services.settings: Allow by setting MOZ_REMOTE_SETTINGS_DEVTOOLS=1 in the environment
1702772074677	Marionette	INFO	Marionette enabled
Dynamically enable window occlusion 0
1702772075143	Marionette	INFO	Listening on port 63621
Read port: 63621
1702772075290	RemoteAgent	WARN	TLS certificate errors will be ignored for this session
dez 16, 2023 10:14:36 PM org.openqa.selenium.remote.ProtocolHandshake createSession
INFORMAÇÕES: Detected dialect: W3C
]]></system-err>
  </testcase>
  <testcase name="Dado Que o usuario efetuou login incluindo &quot;problem_user&quot; e &quot;secret_sauce&quot;" classname="| problem_user | secret_sauce | 2 | Viviane | Macedo | 18264976 | Error: Last Name is required |" time="0">
    <system-out><![CDATA[######################################
Preencheu o campo By.id: user-name
######################################
######################################
Preencheu o campo By.id: password
######################################
######################################
Clicou no elemento By.id: login-button
######################################
######################################
######################################
Validou os valores https://www.saucedemo.com/inventory.html e https://www.saucedemo.com/inventory.html
######################################
Validou a url https://www.saucedemo.com/inventory.html
######################################
]]></system-out>
    <system-err><![CDATA[console.warn: LoginRecipes: "Falling back to a synchronous message for: https://www.saucedemo.com."
console.warn: LoginRecipes: "Falling back to a synchronous message for: https://www.saucedemo.com."
]]></system-err>
  </testcase>
  <testcase name="E selecionou um produto &quot;2&quot;" classname="| problem_user | secret_sauce | 2 | Viviane | Macedo | 18264976 | Error: Last Name is required |" time="0">
    <system-out><![CDATA[######################################
Clicou no elemento By.xpath: //div[@class="inventory_item"][2]//button
######################################
######################################
Validou a mensagem Remove
######################################
name item 1 = Sauce Labs Bike Light
price item 1 = $9.99
######################################
Clicou no elemento By.id: shopping_cart_container
######################################
######################################
Validou a mensagem Sauce Labs Bike Light
######################################
######################################
Validou a mensagem $9.99
######################################
######################################
Clicou no elemento By.id: checkout
######################################
]]></system-out>
  </testcase>
  <testcase name="Quando feito o checkout e preenchido &quot;Viviane&quot; &quot;Macedo&quot; &quot;18264976&quot;" classname="| problem_user | secret_sauce | 2 | Viviane | Macedo | 18264976 | Error: Last Name is required |" time="0">
    <system-out><![CDATA[######################################
Preencheu o campo By.id: first-name
######################################
######################################
Preencheu o campo By.id: last-name
######################################
######################################
Preencheu o campo By.id: postal-code
######################################
######################################
Clicou no elemento By.id: continue
######################################
]]></system-out>
  </testcase>
  <testcase name="Entao e exibido &quot;Error: Last Name is required&quot; de erro" classname="| problem_user | secret_sauce | 2 | Viviane | Macedo | 18264976 | Error: Last Name is required |" time="0">
    <system-out><![CDATA[######################################
Validou a mensagem Error: Last Name is required
######################################
]]></system-out>
  </testcase>
  <testcase name="E e feito logout" classname="| problem_user | secret_sauce | 2 | Viviane | Macedo | 18264976 | Error: Last Name is required |" time="0">
    <system-out><![CDATA[######################################
Clicou no elemento By.id: react-burger-menu-btn
######################################
######################################
Clicou no elemento By.id: logout_sidebar_link
######################################
######################################
######################################
Validou os valores https://www.saucedemo.com/ e https://www.saucedemo.com/
######################################
Validou a url https://www.saucedemo.com/
######################################
]]></system-out>
  </testcase>
  <testcase name="" classname="| problem_user | secret_sauce | 2 | Viviane | Macedo | 18264976 | Error: Last Name is required |" time="0.093">
    <system-out><![CDATA[+++++++++++++
Teste sendo exectadoFluxo de compra com usuario com problema
Status: passed
Tag: [@Problem-user, @Item-4, @Id-8]
+++++++++++++
Teste sendo exectadoFluxo de compra com usuario com problema
Status: passed
Tag: [@Problem-user, @Item-4, @Id-8]
]]></system-out>
  </testcase>
  <testcase name="Dado Que eu acessei a aplicacao" classname="| error_user | secret_sauce | 1 | Luana | Flores | 86364895 |" time="0">
    <system-err><![CDATA[1702772080834	Marionette	INFO	Stopped listening on port 63621
Dynamically enable window occlusion 1
1702772081629	geckodriver	INFO	Listening on 127.0.0.1:5808
1702772082123	mozrunner::runner	INFO	Running command: "C:\\Program Files\\Mozilla Firefox\\firefox.exe" "--marionette" "-no-remote" "-profile" "C:\\Users\\lipel\\AppData\\Local\\Temp\\rust_mozprofilehtAg6k"
console.warn: services.settings: Ignoring preference override of remote settings server
console.warn: services.settings: Allow by setting MOZ_REMOTE_SETTINGS_DEVTOOLS=1 in the environment
1702772082381	Marionette	INFO	Marionette enabled
Dynamically enable window occlusion 0
1702772082836	Marionette	INFO	Listening on port 63668
Read port: 63668
1702772082977	RemoteAgent	WARN	TLS certificate errors will be ignored for this session
dez 16, 2023 10:14:44 PM org.openqa.selenium.remote.ProtocolHandshake createSession
INFORMAÇÕES: Detected dialect: W3C
]]></system-err>
  </testcase>
  <testcase name="Dado Que o usuario efetuou login incluindo &quot;error_user&quot; e &quot;secret_sauce&quot;" classname="| error_user | secret_sauce | 1 | Luana | Flores | 86364895 |" time="0">
    <system-out><![CDATA[######################################
Preencheu o campo By.id: user-name
######################################
######################################
Preencheu o campo By.id: password
######################################
######################################
Clicou no elemento By.id: login-button
######################################
######################################
######################################
Validou os valores https://www.saucedemo.com/inventory.html e https://www.saucedemo.com/inventory.html
######################################
Validou a url https://www.saucedemo.com/inventory.html
######################################
]]></system-out>
    <system-err><![CDATA[console.warn: LoginRecipes: "Falling back to a synchronous message for: https://www.saucedemo.com."
console.warn: LoginRecipes: "Falling back to a synchronous message for: https://www.saucedemo.com."
]]></system-err>
  </testcase>
  <testcase name="E selecionou um produto &quot;1&quot;" classname="| error_user | secret_sauce | 1 | Luana | Flores | 86364895 |" time="0.001">
    <system-out><![CDATA[######################################
Clicou no elemento By.xpath: //div[@class="inventory_item"][1]//button
######################################
######################################
Validou a mensagem Remove
######################################
name item 1 = Sauce Labs Backpack
price item 1 = $29.99
######################################
Clicou no elemento By.id: shopping_cart_container
######################################
######################################
Validou a mensagem Sauce Labs Backpack
######################################
######################################
Validou a mensagem $29.99
######################################
######################################
Clicou no elemento By.id: checkout
######################################
]]></system-out>
  </testcase>
  <testcase name="Quando feito o checkout e preenchido &quot;Luana&quot; &quot;Flores&quot; &quot;86364895&quot;" classname="| error_user | secret_sauce | 1 | Luana | Flores | 86364895 |" time="0">
    <system-out><![CDATA[######################################
Preencheu o campo By.id: first-name
######################################
######################################
Preencheu o campo By.id: last-name
######################################
######################################
Preencheu o campo By.id: postal-code
######################################
######################################
Clicou no elemento By.id: continue
######################################
]]></system-out>
    <system-err><![CDATA[JavaScript error: https://www.saucedemo.com/static/js/main.9735b7ab.chunk.js, line 1: TypeError: e.totallyUndefined is undefined
JavaScript error: https://www.saucedemo.com/static/js/main.9735b7ab.chunk.js, line 1: TypeError: e.totallyUndefined is undefined
JavaScript error: https://www.saucedemo.com/static/js/main.9735b7ab.chunk.js, line 1: TypeError: e.totallyUndefined is undefined
JavaScript error: https://www.saucedemo.com/static/js/main.9735b7ab.chunk.js, line 1: TypeError: e.totallyUndefined is undefined
JavaScript error: https://www.saucedemo.com/static/js/main.9735b7ab.chunk.js, line 1: TypeError: e.totallyUndefined is undefined
JavaScript error: https://www.saucedemo.com/static/js/main.9735b7ab.chunk.js, line 1: TypeError: e.totallyUndefined is undefined
]]></system-err>
  </testcase>
  <testcase name="E as informacoes de checkou sao exibidas" classname="| error_user | secret_sauce | 1 | Luana | Flores | 86364895 |" time="0">
    <system-out><![CDATA[######################################
Validou a mensagem Sauce Labs Backpack
######################################
######################################
Validou os valores 32.39 e 32.39
######################################
]]></system-out>
  </testcase>
  <testcase name="E clicado em Finish" classname="| error_user | secret_sauce | 1 | Luana | Flores | 86364895 |" time="0">
    <system-out><![CDATA[######################################
Clicou no elemento By.id: finish
######################################
]]></system-out>
    <system-err><![CDATA[JavaScript error: https://www.saucedemo.com/static/js/main.9735b7ab.chunk.js, line 1: TypeError: Y.cesetRart is not a function
]]></system-err>
  </testcase>
  <testcase name="Entao a compra nao foi efetuada" classname="| error_user | secret_sauce | 1 | Luana | Flores | 86364895 |" time="0">
    <system-out><![CDATA[######################################
######################################
Validou os valores https://www.saucedemo.com/checkout-step-two.html e https://www.saucedemo.com/checkout-step-two.html
######################################
Validou a url https://www.saucedemo.com/checkout-step-two.html
######################################
]]></system-out>
  </testcase>
  <testcase name="E e feito logout" classname="| error_user | secret_sauce | 1 | Luana | Flores | 86364895 |" time="0">
    <system-out><![CDATA[######################################
Clicou no elemento By.id: react-burger-menu-btn
######################################
######################################
Clicou no elemento By.id: logout_sidebar_link
######################################
######################################
######################################
Validou os valores https://www.saucedemo.com/ e https://www.saucedemo.com/
######################################
Validou a url https://www.saucedemo.com/
######################################
]]></system-out>
  </testcase>
  <testcase name="" classname="| error_user | secret_sauce | 1 | Luana | Flores | 86364895 |" time="0.088">
    <system-out><![CDATA[+++++++++++++
Teste sendo exectadoFluxo de compra com usuario com erro
Status: passed
Tag: [@Error-user, @Item-4, @Id-9]
+++++++++++++
Teste sendo exectadoFluxo de compra com usuario com erro
Status: passed
Tag: [@Error-user, @Item-4, @Id-9]
]]></system-out>
  </testcase>
  <testcase name="Dado Que eu acessei a aplicacao" classname="| error_user | secret_sauce | 2 | Valmir | Cleiton | 76567895 |" time="0">
    <system-err><![CDATA[1702772088723	Marionette	INFO	Stopped listening on port 63668
Dynamically enable window occlusion 1
1702772089468	geckodriver	INFO	Listening on 127.0.0.1:28698
1702772089962	mozrunner::runner	INFO	Running command: "C:\\Program Files\\Mozilla Firefox\\firefox.exe" "--marionette" "-no-remote" "-profile" "C:\\Users\\lipel\\AppData\\Local\\Temp\\rust_mozprofileqNKXhT"
console.warn: services.settings: Ignoring preference override of remote settings server
console.warn: services.settings: Allow by setting MOZ_REMOTE_SETTINGS_DEVTOOLS=1 in the environment
1702772090221	Marionette	INFO	Marionette enabled
Dynamically enable window occlusion 0
1702772090671	Marionette	INFO	Listening on port 63720
Read port: 63720
1702772090811	RemoteAgent	WARN	TLS certificate errors will be ignored for this session
dez 16, 2023 10:14:51 PM org.openqa.selenium.remote.ProtocolHandshake createSession
INFORMAÇÕES: Detected dialect: W3C
]]></system-err>
  </testcase>
  <testcase name="Dado Que o usuario efetuou login incluindo &quot;error_user&quot; e &quot;secret_sauce&quot;" classname="| error_user | secret_sauce | 2 | Valmir | Cleiton | 76567895 |" time="0">
    <system-out><![CDATA[######################################
Preencheu o campo By.id: user-name
######################################
######################################
Preencheu o campo By.id: password
######################################
######################################
Clicou no elemento By.id: login-button
######################################
######################################
######################################
Validou os valores https://www.saucedemo.com/inventory.html e https://www.saucedemo.com/inventory.html
######################################
Validou a url https://www.saucedemo.com/inventory.html
######################################
]]></system-out>
    <system-err><![CDATA[console.warn: LoginRecipes: "Falling back to a synchronous message for: https://www.saucedemo.com."
console.warn: LoginRecipes: "Falling back to a synchronous message for: https://www.saucedemo.com."
]]></system-err>
  </testcase>
  <testcase name="E selecionou um produto &quot;2&quot;" classname="| error_user | secret_sauce | 2 | Valmir | Cleiton | 76567895 |" time="0">
    <system-out><![CDATA[######################################
Clicou no elemento By.xpath: //div[@class="inventory_item"][2]//button
######################################
######################################
Validou a mensagem Remove
######################################
name item 1 = Sauce Labs Bike Light
price item 1 = $9.99
######################################
Clicou no elemento By.id: shopping_cart_container
######################################
######################################
Validou a mensagem Sauce Labs Bike Light
######################################
######################################
Validou a mensagem $9.99
######################################
######################################
Clicou no elemento By.id: checkout
######################################
]]></system-out>
  </testcase>
  <testcase name="Quando feito o checkout e preenchido &quot;Valmir&quot; &quot;Cleiton&quot; &quot;76567895&quot;" classname="| error_user | secret_sauce | 2 | Valmir | Cleiton | 76567895 |" time="0">
    <system-out><![CDATA[######################################
Preencheu o campo By.id: first-name
######################################
######################################
Preencheu o campo By.id: last-name
######################################
######################################
Preencheu o campo By.id: postal-code
######################################
######################################
Clicou no elemento By.id: continue
######################################
]]></system-out>
    <system-err><![CDATA[JavaScript error: https://www.saucedemo.com/static/js/main.9735b7ab.chunk.js, line 1: TypeError: e.totallyUndefined is undefined
JavaScript error: https://www.saucedemo.com/static/js/main.9735b7ab.chunk.js, line 1: TypeError: e.totallyUndefined is undefined
JavaScript error: https://www.saucedemo.com/static/js/main.9735b7ab.chunk.js, line 1: TypeError: e.totallyUndefined is undefined
JavaScript error: https://www.saucedemo.com/static/js/main.9735b7ab.chunk.js, line 1: TypeError: e.totallyUndefined is undefined
JavaScript error: https://www.saucedemo.com/static/js/main.9735b7ab.chunk.js, line 1: TypeError: e.totallyUndefined is undefined
JavaScript error: https://www.saucedemo.com/static/js/main.9735b7ab.chunk.js, line 1: TypeError: e.totallyUndefined is undefined
JavaScript error: https://www.saucedemo.com/static/js/main.9735b7ab.chunk.js, line 1: TypeError: e.totallyUndefined is undefined
]]></system-err>
  </testcase>
  <testcase name="E as informacoes de checkou sao exibidas" classname="| error_user | secret_sauce | 2 | Valmir | Cleiton | 76567895 |" time="0">
    <system-out><![CDATA[######################################
Validou a mensagem Sauce Labs Bike Light
######################################
######################################
Validou os valores 10.79 e 10.79
######################################
]]></system-out>
  </testcase>
  <testcase name="E clicado em Finish" classname="| error_user | secret_sauce | 2 | Valmir | Cleiton | 76567895 |" time="0">
    <system-out><![CDATA[######################################
Clicou no elemento By.id: finish
######################################
]]></system-out>
    <system-err><![CDATA[JavaScript error: https://www.saucedemo.com/static/js/main.9735b7ab.chunk.js, line 1: TypeError: Y.cesetRart is not a function
]]></system-err>
  </testcase>
  <testcase name="Entao a compra nao foi efetuada" classname="| error_user | secret_sauce | 2 | Valmir | Cleiton | 76567895 |" time="0">
    <system-out><![CDATA[######################################
######################################
Validou os valores https://www.saucedemo.com/checkout-step-two.html e https://www.saucedemo.com/checkout-step-two.html
######################################
Validou a url https://www.saucedemo.com/checkout-step-two.html
######################################
]]></system-out>
  </testcase>
  <testcase name="E e feito logout" classname="| error_user | secret_sauce | 2 | Valmir | Cleiton | 76567895 |" time="0">
    <system-out><![CDATA[######################################
Clicou no elemento By.id: react-burger-menu-btn
######################################
######################################
Clicou no elemento By.id: logout_sidebar_link
######################################
######################################
######################################
Validou os valores https://www.saucedemo.com/ e https://www.saucedemo.com/
######################################
Validou a url https://www.saucedemo.com/
######################################
]]></system-out>
  </testcase>
  <testcase name="" classname="| error_user | secret_sauce | 2 | Valmir | Cleiton | 76567895 |" time="0.077">
    <system-out><![CDATA[+++++++++++++
Teste sendo exectadoFluxo de compra com usuario com erro
Status: passed
Tag: [@Error-user, @Item-4, @Id-9]
+++++++++++++
Teste sendo exectadoFluxo de compra com usuario com erro
Status: passed
Tag: [@Error-user, @Item-4, @Id-9]
]]></system-out>
  </testcase>
</testsuite>